<?xml version="1.0" encoding="UTF-8"?>
<coverage generated="1746168133028" clover="3.2.0">
  <project timestamp="1746168133028" name="All files">
    <metrics statements="472" coveredstatements="340" conditionals="215" coveredconditionals="112" methods="182" coveredmethods="121" elements="869" coveredelements="573" complexity="0" loc="472" ncloc="472" packages="12" files="30" classes="30"/>
    <package name="src">
      <metrics statements="6" coveredstatements="0" conditionals="8" coveredconditionals="0" methods="2" coveredmethods="0"/>
      <file name="App.tsx" path="E:/Nizzcorp/AiFrontend/src/App.tsx">
        <metrics statements="5" coveredstatements="0" conditionals="8" coveredconditionals="0" methods="2" coveredmethods="0"/>
        <line num="28" count="0" type="stmt"/>
        <line num="29" count="0" type="stmt"/>
        <line num="31" count="0" type="stmt"/>
        <line num="32" count="0" type="stmt"/>
        <line num="34" count="0" type="stmt"/>
      </file>
      <file name="main.tsx" path="E:/Nizzcorp/AiFrontend/src/main.tsx">
        <metrics statements="1" coveredstatements="0" conditionals="0" coveredconditionals="0" methods="0" coveredmethods="0"/>
        <line num="11" count="0" type="stmt"/>
      </file>
    </package>
    <package name="src.components">
      <metrics statements="180" coveredstatements="119" conditionals="134" coveredconditionals="67" methods="68" coveredmethods="36"/>
      <file name="ChatLoading.tsx" path="E:/Nizzcorp/AiFrontend/src/components/ChatLoading.tsx">
        <metrics statements="2" coveredstatements="1" conditionals="0" coveredconditionals="0" methods="1" coveredmethods="0"/>
        <line num="1" count="1" type="stmt"/>
        <line num="2" count="0" type="stmt"/>
      </file>
      <file name="ChatScreeNavBar.tsx" path="E:/Nizzcorp/AiFrontend/src/components/ChatScreeNavBar.tsx">
        <metrics statements="11" coveredstatements="7" conditionals="28" coveredconditionals="13" methods="5" coveredmethods="1"/>
        <line num="15" count="1" type="stmt"/>
        <line num="22" count="4" type="stmt"/>
        <line num="23" count="4" type="stmt"/>
        <line num="24" count="4" type="cond" truecount="1" falsecount="1"/>
        <line num="25" count="4" type="cond" truecount="1" falsecount="1"/>
        <line num="26" count="4" type="stmt"/>
        <line num="27" count="0" type="stmt"/>
        <line num="32" count="4" type="stmt"/>
        <line num="61" count="0" type="stmt"/>
        <line num="108" count="0" type="cond" truecount="0" falsecount="2"/>
        <line num="131" count="0" type="stmt"/>
      </file>
      <file name="ChatScreen.tsx" path="E:/Nizzcorp/AiFrontend/src/components/ChatScreen.tsx">
        <metrics statements="40" coveredstatements="35" conditionals="46" coveredconditionals="26" methods="14" coveredmethods="11"/>
        <line num="37" count="1" type="stmt"/>
        <line num="38" count="4" type="stmt"/>
        <line num="40" count="4" type="stmt"/>
        <line num="41" count="4" type="stmt"/>
        <line num="42" count="4" type="stmt"/>
        <line num="43" count="4" type="stmt"/>
        <line num="46" count="4" type="stmt"/>
        <line num="47" count="4" type="stmt"/>
        <line num="48" count="4" type="stmt"/>
        <line num="49" count="4" type="stmt"/>
        <line num="50" count="4" type="stmt"/>
        <line num="51" count="4" type="cond" truecount="1" falsecount="1"/>
        <line num="53" count="4" type="cond" truecount="1" falsecount="1"/>
        <line num="63" count="4" type="stmt"/>
        <line num="64" count="1" type="cond" truecount="2" falsecount="0"/>
        <line num="65" count="1" type="stmt"/>
        <line num="68" count="4" type="stmt"/>
        <line num="73" count="4" type="stmt"/>
        <line num="74" count="3" type="stmt"/>
        <line num="75" count="3" type="stmt"/>
        <line num="77" count="3" type="cond" truecount="2" falsecount="0"/>
        <line num="78" count="3" type="cond" truecount="1" falsecount="1"/>
        <line num="85" count="4" type="stmt"/>
        <line num="86" count="3" type="stmt"/>
        <line num="87" count="0" type="cond" truecount="0" falsecount="2"/>
        <line num="88" count="0" type="cond" truecount="0" falsecount="2"/>
        <line num="92" count="3" type="cond" truecount="2" falsecount="0"/>
        <line num="94" count="0" type="stmt"/>
        <line num="97" count="3" type="stmt"/>
        <line num="98" count="0" type="stmt"/>
        <line num="104" count="4" type="stmt"/>
        <line num="105" count="3" type="cond" truecount="2" falsecount="2"/>
        <line num="106" count="0" type="stmt"/>
        <line num="112" count="4" type="stmt"/>
        <line num="113" count="3" type="cond" truecount="1" falsecount="1"/>
        <line num="117" count="4" type="stmt"/>
        <line num="139" count="4" type="stmt"/>
        <line num="167" count="1" type="stmt"/>
        <line num="208" count="1" type="stmt"/>
        <line num="221" count="1" type="stmt"/>
      </file>
      <file name="DialogComponents.tsx" path="E:/Nizzcorp/AiFrontend/src/components/DialogComponents.tsx">
        <metrics statements="23" coveredstatements="0" conditionals="12" coveredconditionals="0" methods="7" coveredmethods="0"/>
        <line num="6" count="0" type="stmt"/>
        <line num="10" count="0" type="stmt"/>
        <line num="11" count="0" type="stmt"/>
        <line num="12" count="0" type="stmt"/>
        <line num="13" count="0" type="stmt"/>
        <line num="15" count="0" type="stmt"/>
        <line num="19" count="0" type="stmt"/>
        <line num="29" count="0" type="stmt"/>
        <line num="31" count="0" type="stmt"/>
        <line num="35" count="0" type="stmt"/>
        <line num="56" count="0" type="stmt"/>
        <line num="58" count="0" type="stmt"/>
        <line num="62" count="0" type="stmt"/>
        <line num="67" count="0" type="stmt"/>
        <line num="69" count="0" type="stmt"/>
        <line num="73" count="0" type="stmt"/>
        <line num="81" count="0" type="stmt"/>
        <line num="83" count="0" type="stmt"/>
        <line num="87" count="0" type="stmt"/>
        <line num="93" count="0" type="stmt"/>
        <line num="95" count="0" type="stmt"/>
        <line num="99" count="0" type="stmt"/>
        <line num="105" count="0" type="stmt"/>
      </file>
      <file name="ErrorBoundery.tsx" path="E:/Nizzcorp/AiFrontend/src/components/ErrorBoundery.tsx">
        <metrics statements="7" coveredstatements="0" conditionals="4" coveredconditionals="0" methods="4" coveredmethods="0"/>
        <line num="17" count="0" type="stmt"/>
        <line num="18" count="0" type="stmt"/>
        <line num="23" count="0" type="stmt"/>
        <line num="28" count="0" type="stmt"/>
        <line num="32" count="0" type="cond" truecount="0" falsecount="2"/>
        <line num="33" count="0" type="cond" truecount="0" falsecount="2"/>
        <line num="36" count="0" type="stmt"/>
      </file>
      <file name="ErrorFile.tsx" path="E:/Nizzcorp/AiFrontend/src/components/ErrorFile.tsx">
        <metrics statements="4" coveredstatements="4" conditionals="0" coveredconditionals="0" methods="2" coveredmethods="2"/>
        <line num="3" count="1" type="stmt"/>
        <line num="4" count="2" type="stmt"/>
        <line num="6" count="2" type="stmt"/>
        <line num="15" count="1" type="stmt"/>
      </file>
      <file name="LandingPageNavBar.tsx" path="E:/Nizzcorp/AiFrontend/src/components/LandingPageNavBar.tsx">
        <metrics statements="5" coveredstatements="3" conditionals="0" coveredconditionals="0" methods="3" coveredmethods="1"/>
        <line num="4" count="3" type="stmt"/>
        <line num="5" count="16" type="stmt"/>
        <line num="6" count="16" type="stmt"/>
        <line num="30" count="0" type="stmt"/>
        <line num="40" count="0" type="stmt"/>
      </file>
      <file name="Login.tsx" path="E:/Nizzcorp/AiFrontend/src/components/Login.tsx">
        <metrics statements="10" coveredstatements="9" conditionals="2" coveredconditionals="2" methods="3" coveredmethods="2"/>
        <line num="19" count="1" type="stmt"/>
        <line num="42" count="1" type="stmt"/>
        <line num="43" count="8" type="stmt"/>
        <line num="44" count="8" type="stmt"/>
        <line num="50" count="8" type="stmt"/>
        <line num="63" count="8" type="stmt"/>
        <line num="64" count="1" type="stmt"/>
        <line num="65" count="1" type="stmt"/>
        <line num="68" count="8" type="stmt"/>
        <line num="115" count="0" type="stmt"/>
      </file>
      <file name="PopupRecent.tsx" path="E:/Nizzcorp/AiFrontend/src/components/PopupRecent.tsx">
        <metrics statements="7" coveredstatements="6" conditionals="6" coveredconditionals="5" methods="4" coveredmethods="3"/>
        <line num="33" count="11" type="stmt"/>
        <line num="34" count="11" type="stmt"/>
        <line num="36" count="11" type="stmt"/>
        <line num="37" count="5" type="stmt"/>
        <line num="40" count="11" type="stmt"/>
        <line num="64" count="8" type="stmt"/>
        <line num="67" count="0" type="stmt"/>
      </file>
      <file name="Sidebar.tsx" path="E:/Nizzcorp/AiFrontend/src/components/Sidebar.tsx">
        <metrics statements="56" coveredstatements="47" conditionals="30" coveredconditionals="19" methods="20" coveredmethods="15"/>
        <line num="42" count="1" type="stmt"/>
        <line num="43" count="12" type="stmt"/>
        <line num="44" count="12" type="stmt"/>
        <line num="45" count="12" type="stmt"/>
        <line num="46" count="12" type="stmt"/>
        <line num="47" count="12" type="stmt"/>
        <line num="49" count="12" type="stmt"/>
        <line num="50" count="12" type="stmt"/>
        <line num="51" count="12" type="stmt"/>
        <line num="52" count="12" type="stmt"/>
        <line num="54" count="12" type="stmt"/>
        <line num="55" count="12" type="stmt"/>
        <line num="56" count="12" type="cond" truecount="1" falsecount="1"/>
        <line num="63" count="12" type="stmt"/>
        <line num="64" count="1" type="stmt"/>
        <line num="65" count="1" type="stmt"/>
        <line num="70" count="12" type="stmt"/>
        <line num="71" count="6" type="stmt"/>
        <line num="73" count="6" type="stmt"/>
        <line num="74" count="0" type="stmt"/>
        <line num="75" count="0" type="stmt"/>
        <line num="77" count="0" type="cond" truecount="0" falsecount="2"/>
        <line num="78" count="0" type="stmt"/>
        <line num="79" count="0" type="stmt"/>
        <line num="83" count="6" type="stmt"/>
        <line num="84" count="6" type="stmt"/>
        <line num="85" count="6" type="stmt"/>
        <line num="95" count="12" type="stmt"/>
        <line num="96" count="1" type="stmt"/>
        <line num="97" count="1" type="stmt"/>
        <line num="98" count="1" type="stmt"/>
        <line num="106" count="12" type="stmt"/>
        <line num="107" count="1" type="stmt"/>
        <line num="108" count="1" type="stmt"/>
        <line num="109" count="1" type="stmt"/>
        <line num="112" count="12" type="cond" truecount="1" falsecount="1"/>
        <line num="113" count="0" type="stmt"/>
        <line num="122" count="12" type="cond" truecount="2" falsecount="0"/>
        <line num="123" count="1" type="stmt"/>
        <line num="132" count="11" type="stmt"/>
        <line num="158" count="0" type="stmt"/>
        <line num="165" count="1" type="stmt"/>
        <line num="195" count="8" type="stmt"/>
        <line num="198" count="16" type="stmt"/>
        <line num="201" count="1" type="cond" truecount="1" falsecount="1"/>
        <line num="202" count="1" type="stmt"/>
        <line num="217" count="1" type="stmt"/>
        <line num="220" count="0" type="stmt"/>
        <line num="226" count="1" type="stmt"/>
        <line num="227" count="1" type="stmt"/>
        <line num="247" count="2" type="stmt"/>
        <line num="248" count="2" type="stmt"/>
        <line num="261" count="1" type="stmt"/>
        <line num="262" count="1" type="stmt"/>
        <line num="273" count="1" type="stmt"/>
        <line num="293" count="0" type="stmt"/>
      </file>
      <file name="Signup.tsx" path="E:/Nizzcorp/AiFrontend/src/components/Signup.tsx">
        <metrics statements="10" coveredstatements="7" conditionals="2" coveredconditionals="2" methods="3" coveredmethods="1"/>
        <line num="21" count="1" type="stmt"/>
        <line num="47" count="1" type="stmt"/>
        <line num="48" count="6" type="stmt"/>
        <line num="49" count="6" type="stmt"/>
        <line num="61" count="6" type="stmt"/>
        <line num="71" count="6" type="stmt"/>
        <line num="72" count="0" type="stmt"/>
        <line num="73" count="0" type="stmt"/>
        <line num="76" count="6" type="stmt"/>
        <line num="133" count="0" type="stmt"/>
      </file>
      <file name="sonner.tsx" path="E:/Nizzcorp/AiFrontend/src/components/sonner.tsx">
        <metrics statements="4" coveredstatements="0" conditionals="4" coveredconditionals="0" methods="1" coveredmethods="0"/>
        <line num="6" count="0" type="stmt"/>
        <line num="7" count="0" type="stmt"/>
        <line num="8" count="0" type="cond" truecount="0" falsecount="2"/>
        <line num="9" count="0" type="stmt"/>
      </file>
      <file name="theme-provider.tsx" path="E:/Nizzcorp/AiFrontend/src/components/theme-provider.tsx">
        <metrics statements="1" coveredstatements="0" conditionals="0" coveredconditionals="0" methods="1" coveredmethods="0"/>
        <line num="8" count="0" type="stmt"/>
      </file>
    </package>
    <package name="src.components.ui">
      <metrics statements="13" coveredstatements="4" conditionals="1" coveredconditionals="0" methods="11" coveredmethods="4"/>
      <file name="dialog.tsx" path="E:/Nizzcorp/AiFrontend/src/components/ui/dialog.tsx">
        <metrics statements="10" coveredstatements="4" conditionals="0" coveredconditionals="0" methods="10" coveredmethods="4"/>
        <line num="10" count="11" type="stmt"/>
        <line num="16" count="11" type="stmt"/>
        <line num="22" count="11" type="stmt"/>
        <line num="28" count="0" type="stmt"/>
        <line num="35" count="0" type="stmt"/>
        <line num="52" count="11" type="stmt"/>
        <line num="74" count="0" type="stmt"/>
        <line num="84" count="0" type="stmt"/>
        <line num="100" count="0" type="stmt"/>
        <line num="113" count="0" type="stmt"/>
      </file>
      <file name="sonner.tsx" path="E:/Nizzcorp/AiFrontend/src/components/ui/sonner.tsx">
        <metrics statements="3" coveredstatements="0" conditionals="1" coveredconditionals="0" methods="1" coveredmethods="0"/>
        <line num="4" count="0" type="stmt"/>
        <line num="5" count="0" type="cond" truecount="0" falsecount="1"/>
        <line num="7" count="0" type="stmt"/>
      </file>
    </package>
    <package name="src.constance">
      <metrics statements="10" coveredstatements="10" conditionals="0" coveredconditionals="0" methods="0" coveredmethods="0"/>
      <file name="apiConstance.ts" path="E:/Nizzcorp/AiFrontend/src/constance/apiConstance.ts">
        <metrics statements="10" coveredstatements="10" conditionals="0" coveredconditionals="0" methods="0" coveredmethods="0"/>
        <line num="1" count="14" type="stmt"/>
        <line num="3" count="14" type="stmt"/>
        <line num="4" count="14" type="stmt"/>
        <line num="5" count="14" type="stmt"/>
        <line num="7" count="14" type="stmt"/>
        <line num="8" count="14" type="stmt"/>
        <line num="9" count="14" type="stmt"/>
        <line num="10" count="14" type="stmt"/>
        <line num="11" count="14" type="stmt"/>
        <line num="12" count="14" type="stmt"/>
      </file>
    </package>
    <package name="src.features.chat">
      <metrics statements="67" coveredstatements="41" conditionals="12" coveredconditionals="6" methods="29" coveredmethods="19"/>
      <file name="chatSlice.ts" path="E:/Nizzcorp/AiFrontend/src/features/chat/chatSlice.ts">
        <metrics statements="67" coveredstatements="41" conditionals="12" coveredconditionals="6" methods="29" coveredmethods="19"/>
        <line num="47" count="8" type="stmt"/>
        <line num="62" count="8" type="stmt"/>
        <line num="67" count="0" type="stmt"/>
        <line num="71" count="7" type="stmt"/>
        <line num="73" count="1" type="stmt"/>
        <line num="76" count="1" type="stmt"/>
        <line num="77" count="1" type="cond" truecount="1" falsecount="1"/>
        <line num="78" count="1" type="cond" truecount="1" falsecount="1"/>
        <line num="79" count="1" type="stmt"/>
        <line num="80" count="1" type="stmt"/>
        <line num="84" count="1" type="stmt"/>
        <line num="87" count="1" type="stmt"/>
        <line num="88" count="1" type="stmt"/>
        <line num="91" count="1" type="stmt"/>
        <line num="92" count="1" type="stmt"/>
        <line num="95" count="1" type="stmt"/>
        <line num="98" count="0" type="stmt"/>
        <line num="99" count="0" type="stmt"/>
        <line num="102" count="0" type="stmt"/>
        <line num="103" count="0" type="stmt"/>
        <line num="106" count="0" type="stmt"/>
        <line num="109" count="1" type="stmt"/>
        <line num="112" count="1" type="stmt"/>
        <line num="113" count="1" type="cond" truecount="1" falsecount="1"/>
        <line num="114" count="1" type="stmt"/>
        <line num="115" count="1" type="stmt"/>
        <line num="117" count="1" type="cond" truecount="1" falsecount="1"/>
        <line num="118" count="1" type="stmt"/>
        <line num="123" count="1" type="stmt"/>
        <line num="126" count="1" type="stmt"/>
        <line num="129" count="1" type="stmt"/>
        <line num="130" count="1" type="cond" truecount="1" falsecount="1"/>
        <line num="131" count="1" type="stmt"/>
        <line num="132" count="2" type="stmt"/>
        <line num="137" count="1" type="stmt"/>
        <line num="140" count="1" type="stmt"/>
        <line num="143" count="1" type="stmt"/>
        <line num="144" count="1" type="cond" truecount="1" falsecount="1"/>
        <line num="145" count="1" type="stmt"/>
        <line num="146" count="2" type="stmt"/>
        <line num="151" count="1" type="stmt"/>
        <line num="163" count="8" type="stmt"/>
        <line num="166" count="0" type="stmt"/>
        <line num="167" count="0" type="stmt"/>
        <line num="168" count="0" type="stmt"/>
        <line num="176" count="8" type="stmt"/>
        <line num="179" count="0" type="stmt"/>
        <line num="180" count="0" type="stmt"/>
        <line num="181" count="0" type="stmt"/>
        <line num="182" count="0" type="stmt"/>
        <line num="191" count="8" type="stmt"/>
        <line num="194" count="0" type="stmt"/>
        <line num="195" count="0" type="stmt"/>
        <line num="196" count="0" type="stmt"/>
        <line num="207" count="8" type="stmt"/>
        <line num="210" count="0" type="stmt"/>
        <line num="211" count="0" type="stmt"/>
        <line num="212" count="0" type="stmt"/>
        <line num="213" count="0" type="stmt"/>
        <line num="222" count="8" type="stmt"/>
        <line num="225" count="0" type="stmt"/>
        <line num="226" count="0" type="stmt"/>
        <line num="227" count="0" type="stmt"/>
        <line num="236" count="8" type="stmt"/>
        <line num="239" count="0" type="stmt"/>
        <line num="240" count="0" type="stmt"/>
        <line num="241" count="0" type="stmt"/>
      </file>
    </package>
    <package name="src.features.user">
      <metrics statements="41" coveredstatements="25" conditionals="12" coveredconditionals="3" methods="14" coveredmethods="10"/>
      <file name="userSlice.ts" path="E:/Nizzcorp/AiFrontend/src/features/user/userSlice.ts">
        <metrics statements="41" coveredstatements="25" conditionals="12" coveredconditionals="3" methods="14" coveredmethods="10"/>
        <line num="55" count="8" type="stmt"/>
        <line num="66" count="8" type="stmt"/>
        <line num="71" count="0" type="stmt"/>
        <line num="72" count="0" type="stmt"/>
        <line num="74" count="0" type="cond" truecount="0" falsecount="2"/>
        <line num="75" count="0" type="stmt"/>
        <line num="77" count="0" type="stmt"/>
        <line num="83" count="8" type="stmt"/>
        <line num="88" count="0" type="stmt"/>
        <line num="89" count="0" type="stmt"/>
        <line num="91" count="0" type="cond" truecount="0" falsecount="2"/>
        <line num="92" count="0" type="stmt"/>
        <line num="94" count="0" type="stmt"/>
        <line num="100" count="8" type="stmt"/>
        <line num="105" count="0" type="stmt"/>
        <line num="106" count="0" type="stmt"/>
        <line num="108" count="0" type="cond" truecount="0" falsecount="2"/>
        <line num="109" count="0" type="stmt"/>
        <line num="111" count="0" type="stmt"/>
        <line num="121" count="8" type="stmt"/>
        <line num="137" count="0" type="stmt"/>
        <line num="145" count="7" type="stmt"/>
        <line num="148" count="1" type="stmt"/>
        <line num="149" count="1" type="stmt"/>
        <line num="152" count="1" type="stmt"/>
        <line num="153" count="1" type="stmt"/>
        <line num="156" count="1" type="stmt"/>
        <line num="157" count="1" type="cond" truecount="1" falsecount="1"/>
        <line num="161" count="1" type="stmt"/>
        <line num="162" count="1" type="stmt"/>
        <line num="165" count="1" type="stmt"/>
        <line num="166" count="1" type="stmt"/>
        <line num="169" count="1" type="stmt"/>
        <line num="170" count="1" type="cond" truecount="1" falsecount="1"/>
        <line num="174" count="1" type="stmt"/>
        <line num="175" count="1" type="stmt"/>
        <line num="178" count="1" type="stmt"/>
        <line num="179" count="1" type="stmt"/>
        <line num="182" count="1" type="stmt"/>
        <line num="183" count="1" type="cond" truecount="1" falsecount="1"/>
        <line num="188" count="8" type="stmt"/>
      </file>
    </package>
    <package name="src.hooks">
      <metrics statements="71" coveredstatements="70" conditionals="0" coveredconditionals="0" methods="30" coveredmethods="29"/>
      <file name="chatHook.ts" path="E:/Nizzcorp/AiFrontend/src/hooks/chatHook.ts">
        <metrics statements="43" coveredstatements="42" conditionals="0" coveredconditionals="0" methods="19" coveredmethods="18"/>
        <line num="27" count="2" type="stmt"/>
        <line num="28" count="1" type="stmt"/>
        <line num="29" count="1" type="stmt"/>
        <line num="31" count="1" type="stmt"/>
        <line num="32" count="1" type="stmt"/>
        <line num="33" count="1" type="stmt"/>
        <line num="34" count="1" type="stmt"/>
        <line num="41" count="2" type="stmt"/>
        <line num="42" count="1" type="stmt"/>
        <line num="43" count="1" type="stmt"/>
        <line num="45" count="1" type="stmt"/>
        <line num="46" count="1" type="stmt"/>
        <line num="47" count="1" type="stmt"/>
        <line num="48" count="1" type="stmt"/>
        <line num="55" count="2" type="stmt"/>
        <line num="56" count="1" type="stmt"/>
        <line num="57" count="1" type="stmt"/>
        <line num="59" count="1" type="stmt"/>
        <line num="61" count="1" type="stmt"/>
        <line num="62" count="1" type="stmt"/>
        <line num="68" count="2" type="stmt"/>
        <line num="69" count="1" type="stmt"/>
        <line num="70" count="1" type="stmt"/>
        <line num="72" count="1" type="stmt"/>
        <line num="73" count="1" type="stmt"/>
        <line num="74" count="1" type="stmt"/>
        <line num="75" count="1" type="stmt"/>
        <line num="81" count="2" type="stmt"/>
        <line num="82" count="1" type="stmt"/>
        <line num="83" count="1" type="stmt"/>
        <line num="85" count="1" type="stmt"/>
        <line num="86" count="1" type="stmt"/>
        <line num="87" count="1" type="stmt"/>
        <line num="89" count="1" type="stmt"/>
        <line num="95" count="2" type="stmt"/>
        <line num="96" count="1" type="stmt"/>
        <line num="97" count="1" type="stmt"/>
        <line num="99" count="1" type="stmt"/>
        <line num="100" count="1" type="stmt"/>
        <line num="101" count="0" type="stmt"/>
        <line num="103" count="1" type="stmt"/>
        <line num="104" count="1" type="stmt"/>
        <line num="105" count="1" type="stmt"/>
      </file>
      <file name="userHook.ts" path="E:/Nizzcorp/AiFrontend/src/hooks/userHook.ts">
        <metrics statements="28" coveredstatements="28" conditionals="0" coveredconditionals="0" methods="11" coveredmethods="11"/>
        <line num="33" count="3" type="stmt"/>
        <line num="34" count="1" type="stmt"/>
        <line num="35" count="1" type="stmt"/>
        <line num="37" count="1" type="stmt"/>
        <line num="38" count="1" type="stmt"/>
        <line num="39" count="1" type="stmt"/>
        <line num="41" count="1" type="stmt"/>
        <line num="53" count="3" type="stmt"/>
        <line num="54" count="1" type="stmt"/>
        <line num="55" count="1" type="stmt"/>
        <line num="57" count="1" type="stmt"/>
        <line num="58" count="1" type="stmt"/>
        <line num="63" count="1" type="stmt"/>
        <line num="65" count="1" type="stmt"/>
        <line num="77" count="3" type="stmt"/>
        <line num="78" count="1" type="stmt"/>
        <line num="79" count="1" type="stmt"/>
        <line num="81" count="1" type="stmt"/>
        <line num="82" count="1" type="stmt"/>
        <line num="83" count="1" type="stmt"/>
        <line num="86" count="1" type="stmt"/>
        <line num="97" count="3" type="stmt"/>
        <line num="98" count="13" type="stmt"/>
        <line num="109" count="13" type="stmt"/>
        <line num="110" count="1" type="stmt"/>
        <line num="111" count="1" type="stmt"/>
        <line num="112" count="1" type="stmt"/>
        <line num="114" count="13" type="stmt"/>
      </file>
    </package>
    <package name="src.lib">
      <metrics statements="1" coveredstatements="1" conditionals="0" coveredconditionals="0" methods="1" coveredmethods="1"/>
      <file name="utils.ts" path="E:/Nizzcorp/AiFrontend/src/lib/utils.ts">
        <metrics statements="1" coveredstatements="1" conditionals="0" coveredconditionals="0" methods="1" coveredmethods="1"/>
        <line num="5" count="11" type="stmt"/>
      </file>
    </package>
    <package name="src.pages">
      <metrics statements="13" coveredstatements="6" conditionals="8" coveredconditionals="0" methods="6" coveredmethods="3"/>
      <file name="ChatScreenPage.tsx" path="E:/Nizzcorp/AiFrontend/src/pages/ChatScreenPage.tsx">
        <metrics statements="7" coveredstatements="0" conditionals="8" coveredconditionals="0" methods="3" coveredmethods="0"/>
        <line num="6" count="0" type="stmt"/>
        <line num="7" count="0" type="stmt"/>
        <line num="8" count="0" type="cond" truecount="0" falsecount="2"/>
        <line num="9" count="0" type="stmt"/>
        <line num="10" count="0" type="stmt"/>
        <line num="11" count="0" type="stmt"/>
        <line num="13" count="0" type="stmt"/>
      </file>
      <file name="LandingPage.tsx" path="E:/Nizzcorp/AiFrontend/src/pages/LandingPage.tsx">
        <metrics statements="6" coveredstatements="6" conditionals="0" coveredconditionals="0" methods="3" coveredmethods="3"/>
        <line num="11" count="1" type="stmt"/>
        <line num="12" count="2" type="stmt"/>
        <line num="18" count="2" type="stmt"/>
        <line num="43" count="2" type="stmt"/>
        <line num="77" count="1" type="stmt"/>
        <line num="110" count="8" type="stmt"/>
      </file>
    </package>
    <package name="src.redux">
      <metrics statements="2" coveredstatements="2" conditionals="0" coveredconditionals="0" methods="1" coveredmethods="1"/>
      <file name="store.ts" path="E:/Nizzcorp/AiFrontend/src/redux/store.ts">
        <metrics statements="2" coveredstatements="2" conditionals="0" coveredconditionals="0" methods="1" coveredmethods="1"/>
        <line num="20" count="6" type="stmt"/>
        <line num="26" count="6" type="stmt"/>
      </file>
    </package>
    <package name="src.services">
      <metrics statements="43" coveredstatements="43" conditionals="30" coveredconditionals="30" methods="10" coveredmethods="10"/>
      <file name="chatService.ts" path="E:/Nizzcorp/AiFrontend/src/services/chatService.ts">
        <metrics statements="26" coveredstatements="26" conditionals="24" coveredconditionals="24" methods="6" coveredmethods="6"/>
        <line num="25" count="9" type="stmt"/>
        <line num="109" count="2" type="stmt"/>
        <line num="113" count="2" type="cond" truecount="4" falsecount="0"/>
        <line num="114" count="1" type="stmt"/>
        <line num="117" count="1" type="stmt"/>
        <line num="126" count="2" type="stmt"/>
        <line num="130" count="2" type="cond" truecount="4" falsecount="0"/>
        <line num="131" count="1" type="stmt"/>
        <line num="133" count="1" type="stmt"/>
        <line num="143" count="2" type="stmt"/>
        <line num="148" count="2" type="cond" truecount="4" falsecount="0"/>
        <line num="149" count="1" type="stmt"/>
        <line num="151" count="1" type="stmt"/>
        <line num="161" count="3" type="stmt"/>
        <line num="166" count="3" type="cond" truecount="4" falsecount="0"/>
        <line num="167" count="1" type="stmt"/>
        <line num="169" count="2" type="stmt"/>
        <line num="178" count="2" type="stmt"/>
        <line num="181" count="2" type="cond" truecount="4" falsecount="0"/>
        <line num="182" count="1" type="stmt"/>
        <line num="184" count="1" type="stmt"/>
        <line num="193" count="2" type="stmt"/>
        <line num="197" count="2" type="cond" truecount="4" falsecount="0"/>
        <line num="198" count="1" type="stmt"/>
        <line num="201" count="1" type="stmt"/>
        <line num="202" count="1" type="stmt"/>
      </file>
      <file name="userService.ts" path="E:/Nizzcorp/AiFrontend/src/services/userService.ts">
        <metrics statements="17" coveredstatements="17" conditionals="6" coveredconditionals="6" methods="4" coveredmethods="4"/>
        <line num="22" count="7" type="stmt"/>
        <line num="81" count="2" type="stmt"/>
        <line num="86" count="2" type="cond" truecount="2" falsecount="0"/>
        <line num="87" count="1" type="stmt"/>
        <line num="91" count="1" type="stmt"/>
        <line num="92" count="1" type="stmt"/>
        <line num="109" count="2" type="stmt"/>
        <line num="113" count="2" type="stmt"/>
        <line num="114" count="2" type="cond" truecount="2" falsecount="0"/>
        <line num="115" count="1" type="stmt"/>
        <line num="120" count="1" type="stmt"/>
        <line num="133" count="2" type="stmt"/>
        <line num="134" count="2" type="stmt"/>
        <line num="136" count="2" type="cond" truecount="2" falsecount="0"/>
        <line num="137" count="1" type="stmt"/>
        <line num="141" count="1" type="stmt"/>
        <line num="154" count="1" type="stmt"/>
      </file>
    </package>
    <package name="src.utils">
      <metrics statements="25" coveredstatements="19" conditionals="10" coveredconditionals="6" methods="10" coveredmethods="8"/>
      <file name="axios.ts" path="E:/Nizzcorp/AiFrontend/src/utils/axios.ts">
        <metrics statements="16" coveredstatements="10" conditionals="2" coveredconditionals="0" methods="7" coveredmethods="5"/>
        <line num="17" count="13" type="stmt"/>
        <line num="23" count="14" type="stmt"/>
        <line num="24" count="0" type="stmt"/>
        <line num="26" count="0" type="cond" truecount="0" falsecount="2"/>
        <line num="27" count="0" type="stmt"/>
        <line num="28" count="0" type="stmt"/>
        <line num="34" count="0" type="stmt"/>
        <line num="37" count="0" type="stmt"/>
        <line num="48" count="1" type="stmt"/>
        <line num="49" count="1" type="stmt"/>
        <line num="59" count="1" type="stmt"/>
        <line num="60" count="1" type="stmt"/>
        <line num="70" count="1" type="stmt"/>
        <line num="71" count="1" type="stmt"/>
        <line num="80" count="1" type="stmt"/>
        <line num="81" count="1" type="stmt"/>
      </file>
      <file name="errorMiddleware.ts" path="E:/Nizzcorp/AiFrontend/src/utils/errorMiddleware.ts">
        <metrics statements="9" coveredstatements="9" conditionals="8" coveredconditionals="6" methods="3" coveredmethods="3"/>
        <line num="5" count="8" type="stmt"/>
        <line num="6" count="4" type="cond" truecount="2" falsecount="0"/>
        <line num="7" count="2" type="stmt"/>
        <line num="9" count="2" type="cond" truecount="1" falsecount="1"/>
        <line num="11" count="2" type="stmt"/>
        <line num="13" count="2" type="cond" truecount="2" falsecount="0"/>
        <line num="15" count="2" type="cond" truecount="1" falsecount="1"/>
        <line num="16" count="2" type="stmt"/>
        <line num="25" count="4" type="stmt"/>
      </file>
    </package>
  </project>
</coverage>
