{"E:/Nizzcorp/AiFrontend/src/App.tsx": {"path":"E:/Nizzcorp/AiFrontend/src/App.tsx","statementMap":{"0":{"start":{"line":28,"column":12},"end":{"line":54,"column":null}},"1":{"start":{"line":29,"column":30},"end":{"line":29,"column":null}},"2":{"start":{"line":31,"column":4},"end":{"line":33,"column":null}},"3":{"start":{"line":32,"column":8},"end":{"line":32,"column":null}},"4":{"start":{"line":34,"column":4},"end":{"line":52,"column":null}}},"fnMap":{"0":{"name":"(anonymous_0)","decl":{"start":{"line":28,"column":12},"end":{"line":28,"column":18}},"loc":{"start":{"line":28,"column":18},"end":{"line":54,"column":null}}},"1":{"name":"(anonymous_1)","decl":{"start":{"line":31,"column":14},"end":{"line":31,"column":20}},"loc":{"start":{"line":31,"column":20},"end":{"line":33,"column":7}}}},"branchMap":{"0":{"loc":{"start":{"line":41,"column":25},"end":{"line":41,"column":null}},"type":"cond-expr","locations":[{"start":{"line":41,"column":32},"end":{"line":41,"column":53}},{"start":{"line":41,"column":53},"end":{"line":41,"column":null}}]},"1":{"loc":{"start":{"line":45,"column":25},"end":{"line":45,"column":null}},"type":"cond-expr","locations":[{"start":{"line":45,"column":32},"end":{"line":45,"column":53}},{"start":{"line":45,"column":53},"end":{"line":45,"column":null}}]},"2":{"loc":{"start":{"line":49,"column":25},"end":{"line":49,"column":null}},"type":"cond-expr","locations":[{"start":{"line":49,"column":33},"end":{"line":49,"column":45}},{"start":{"line":49,"column":45},"end":{"line":49,"column":null}}]},"3":{"loc":{"start":{"line":51,"column":37},"end":{"line":51,"column":77}},"type":"cond-expr","locations":[{"start":{"line":51,"column":45},"end":{"line":51,"column":57}},{"start":{"line":51,"column":57},"end":{"line":51,"column":77}}]}},"s":{"0":0,"1":0,"2":0,"3":0,"4":0},"f":{"0":0,"1":0},"b":{"0":[0,0],"1":[0,0],"2":[0,0],"3":[0,0]}}
,"E:/Nizzcorp/AiFrontend/src/main.tsx": {"path":"E:/Nizzcorp/AiFrontend/src/main.tsx","statementMap":{"0":{"start":{"line":11,"column":0},"end":{"line":25,"column":null}}},"fnMap":{},"branchMap":{},"s":{"0":0},"f":{},"b":{}}
,"E:/Nizzcorp/AiFrontend/src/components/ChatLoading.tsx": {"path":"E:/Nizzcorp/AiFrontend/src/components/ChatLoading.tsx","statementMap":{"0":{"start":{"line":1,"column":20},"end":{"line":30,"column":null}},"1":{"start":{"line":2,"column":2},"end":{"line":28,"column":null}}},"fnMap":{"0":{"name":"(anonymous_0)","decl":{"start":{"line":1,"column":20},"end":{"line":1,"column":26}},"loc":{"start":{"line":1,"column":26},"end":{"line":30,"column":null}}}},"branchMap":{},"s":{"0":1,"1":0},"f":{"0":0},"b":{}}
,"E:/Nizzcorp/AiFrontend/src/components/ChatScreeNavBar.tsx": {"path":"E:/Nizzcorp/AiFrontend/src/components/ChatScreeNavBar.tsx","statementMap":{"0":{"start":{"line":15,"column":24},"end":{"line":166,"column":null}},"1":{"start":{"line":22,"column":32},"end":{"line":22,"column":null}},"2":{"start":{"line":23,"column":22},"end":{"line":23,"column":null}},"3":{"start":{"line":24,"column":19},"end":{"line":24,"column":null}},"4":{"start":{"line":25,"column":15},"end":{"line":25,"column":null}},"5":{"start":{"line":26,"column":21},"end":{"line":30,"column":null}},"6":{"start":{"line":27,"column":8},"end":{"line":29,"column":null}},"7":{"start":{"line":32,"column":4},"end":{"line":164,"column":null}},"8":{"start":{"line":61,"column":35},"end":{"line":61,"column":null}},"9":{"start":{"line":108,"column":28},"end":{"line":108,"column":null}},"10":{"start":{"line":131,"column":43},"end":{"line":131,"column":null}}},"fnMap":{"0":{"name":"(anonymous_0)","decl":{"start":{"line":15,"column":24},"end":{"line":15,"column":25}},"loc":{"start":{"line":21,"column":6},"end":{"line":166,"column":null}}},"1":{"name":"(anonymous_1)","decl":{"start":{"line":26,"column":21},"end":{"line":26,"column":33}},"loc":{"start":{"line":26,"column":33},"end":{"line":30,"column":null}}},"2":{"name":"(anonymous_2)","decl":{"start":{"line":61,"column":29},"end":{"line":61,"column":35}},"loc":{"start":{"line":61,"column":35},"end":{"line":61,"column":null}}},"3":{"name":"(anonymous_3)","decl":{"start":{"line":107,"column":33},"end":{"line":107,"column":39}},"loc":{"start":{"line":107,"column":39},"end":{"line":110,"column":null}}},"4":{"name":"(anonymous_4)","decl":{"start":{"line":131,"column":37},"end":{"line":131,"column":43}},"loc":{"start":{"line":131,"column":43},"end":{"line":131,"column":null}}}},"branchMap":{"0":{"loc":{"start":{"line":24,"column":19},"end":{"line":24,"column":null}},"type":"cond-expr","locations":[{"start":{"line":24,"column":38},"end":{"line":24,"column":46}},{"start":{"line":24,"column":46},"end":{"line":24,"column":null}}]},"1":{"loc":{"start":{"line":25,"column":15},"end":{"line":25,"column":null}},"type":"cond-expr","locations":[{"start":{"line":25,"column":24},"end":{"line":25,"column":42}},{"start":{"line":25,"column":42},"end":{"line":25,"column":null}}]},"2":{"loc":{"start":{"line":35,"column":16},"end":{"line":37,"column":null}},"type":"cond-expr","locations":[{"start":{"line":36,"column":22},"end":{"line":36,"column":null}},{"start":{"line":37,"column":22},"end":{"line":37,"column":null}}]},"3":{"loc":{"start":{"line":44,"column":24},"end":{"line":46,"column":null}},"type":"cond-expr","locations":[{"start":{"line":45,"column":30},"end":{"line":45,"column":null}},{"start":{"line":46,"column":30},"end":{"line":46,"column":null}}]},"4":{"loc":{"start":{"line":63,"column":24},"end":{"line":65,"column":null}},"type":"cond-expr","locations":[{"start":{"line":64,"column":30},"end":{"line":64,"column":null}},{"start":{"line":65,"column":30},"end":{"line":65,"column":null}}]},"5":{"loc":{"start":{"line":75,"column":39},"end":{"line":75,"column":null}},"type":"cond-expr","locations":[{"start":{"line":75,"column":48},"end":{"line":75,"column":53}},{"start":{"line":75,"column":53},"end":{"line":75,"column":null}}]},"6":{"loc":{"start":{"line":84,"column":24},"end":{"line":86,"column":null}},"type":"cond-expr","locations":[{"start":{"line":85,"column":30},"end":{"line":85,"column":null}},{"start":{"line":86,"column":30},"end":{"line":86,"column":null}}]},"7":{"loc":{"start":{"line":100,"column":21},"end":{"line":100,"column":null}},"type":"cond-expr","locations":[{"start":{"line":100,"column":30},"end":{"line":100,"column":41}},{"start":{"line":100,"column":41},"end":{"line":100,"column":null}}]},"8":{"loc":{"start":{"line":104,"column":18},"end":{"line":104,"column":58}},"type":"cond-expr","locations":[{"start":{"line":104,"column":27},"end":{"line":104,"column":32}},{"start":{"line":104,"column":32},"end":{"line":104,"column":58}}]},"9":{"loc":{"start":{"line":108,"column":28},"end":{"line":108,"column":null}},"type":"cond-expr","locations":[{"start":{"line":108,"column":37},"end":{"line":108,"column":56}},{"start":{"line":108,"column":56},"end":{"line":108,"column":null}}]},"10":{"loc":{"start":{"line":114,"column":18},"end":{"line":114,"column":47}},"type":"cond-expr","locations":[{"start":{"line":114,"column":27},"end":{"line":114,"column":32}},{"start":{"line":114,"column":32},"end":{"line":114,"column":47}}]},"11":{"loc":{"start":{"line":124,"column":28},"end":{"line":126,"column":null}},"type":"cond-expr","locations":[{"start":{"line":125,"column":34},"end":{"line":125,"column":null}},{"start":{"line":126,"column":34},"end":{"line":126,"column":null}}]},"12":{"loc":{"start":{"line":138,"column":28},"end":{"line":140,"column":null}},"type":"cond-expr","locations":[{"start":{"line":139,"column":34},"end":{"line":139,"column":null}},{"start":{"line":140,"column":34},"end":{"line":140,"column":null}}]},"13":{"loc":{"start":{"line":151,"column":28},"end":{"line":153,"column":null}},"type":"cond-expr","locations":[{"start":{"line":152,"column":34},"end":{"line":152,"column":null}},{"start":{"line":153,"column":34},"end":{"line":153,"column":null}}]}},"s":{"0":1,"1":4,"2":4,"3":4,"4":4,"5":4,"6":0,"7":4,"8":0,"9":0,"10":0},"f":{"0":4,"1":0,"2":0,"3":0,"4":0},"b":{"0":[0,4],"1":[4,0],"2":[4,0],"3":[4,0],"4":[4,0],"5":[4,0],"6":[4,0],"7":[4,0],"8":[4,0],"9":[0,0],"10":[4,0],"11":[4,0],"12":[4,0],"13":[4,0]}}
,"E:/Nizzcorp/AiFrontend/src/components/ChatScreen.tsx": {"path":"E:/Nizzcorp/AiFrontend/src/components/ChatScreen.tsx","statementMap":{"0":{"start":{"line":37,"column":5},"end":{"line":229,"column":null}},"1":{"start":{"line":38,"column":21},"end":{"line":38,"column":null}},"2":{"start":{"line":40,"column":30},"end":{"line":40,"column":null}},"3":{"start":{"line":41,"column":25},"end":{"line":41,"column":null}},"4":{"start":{"line":42,"column":31},"end":{"line":42,"column":null}},"5":{"start":{"line":43,"column":27},"end":{"line":43,"column":null}},"6":{"start":{"line":46,"column":4},"end":{"line":46,"column":null}},"7":{"start":{"line":47,"column":45},"end":{"line":47,"column":null}},"8":{"start":{"line":48,"column":48},"end":{"line":48,"column":null}},"9":{"start":{"line":49,"column":19},"end":{"line":49,"column":null}},"10":{"start":{"line":50,"column":20},"end":{"line":50,"column":null}},"11":{"start":{"line":51,"column":17},"end":{"line":51,"column":null}},"12":{"start":{"line":53,"column":13},"end":{"line":55,"column":null}},"13":{"start":{"line":63,"column":26},"end":{"line":66,"column":null}},"14":{"start":{"line":64,"column":4},"end":{"line":64,"column":null}},"15":{"start":{"line":65,"column":4},"end":{"line":65,"column":null}},"16":{"start":{"line":68,"column":19},"end":{"line":68,"column":null}},"17":{"start":{"line":73,"column":2},"end":{"line":79,"column":null}},"18":{"start":{"line":74,"column":17},"end":{"line":76,"column":null}},"19":{"start":{"line":75,"column":6},"end":{"line":75,"column":null}},"20":{"start":{"line":77,"column":4},"end":{"line":77,"column":null}},"21":{"start":{"line":78,"column":4},"end":{"line":78,"column":null}},"22":{"start":{"line":85,"column":2},"end":{"line":100,"column":null}},"23":{"start":{"line":86,"column":25},"end":{"line":90,"column":null}},"24":{"start":{"line":87,"column":6},"end":{"line":89,"column":null}},"25":{"start":{"line":88,"column":8},"end":{"line":88,"column":null}},"26":{"start":{"line":92,"column":4},"end":{"line":95,"column":null}},"27":{"start":{"line":94,"column":8},"end":{"line":94,"column":null}},"28":{"start":{"line":97,"column":4},"end":{"line":99,"column":null}},"29":{"start":{"line":98,"column":6},"end":{"line":98,"column":null}},"30":{"start":{"line":104,"column":2},"end":{"line":108,"column":null}},"31":{"start":{"line":105,"column":4},"end":{"line":107,"column":null}},"32":{"start":{"line":106,"column":6},"end":{"line":106,"column":null}},"33":{"start":{"line":112,"column":2},"end":{"line":115,"column":null}},"34":{"start":{"line":113,"column":4},"end":{"line":114,"column":null}},"35":{"start":{"line":117,"column":2},"end":{"line":227,"column":null}},"36":{"start":{"line":139,"column":12},"end":{"line":174,"column":null}},"37":{"start":{"line":167,"column":39},"end":{"line":167,"column":null}},"38":{"start":{"line":208,"column":29},"end":{"line":208,"column":null}},"39":{"start":{"line":221,"column":12},"end":{"line":221,"column":null}}},"fnMap":{"0":{"name":"(anonymous_0)","decl":{"start":{"line":37,"column":5},"end":{"line":37,"column":6}},"loc":{"start":{"line":37,"column":36},"end":{"line":229,"column":null}}},"1":{"name":"(anonymous_1)","decl":{"start":{"line":63,"column":26},"end":{"line":63,"column":38}},"loc":{"start":{"line":63,"column":38},"end":{"line":66,"column":null}}},"2":{"name":"(anonymous_2)","decl":{"start":{"line":73,"column":12},"end":{"line":73,"column":18}},"loc":{"start":{"line":73,"column":18},"end":{"line":79,"column":5}}},"3":{"name":"(anonymous_3)","decl":{"start":{"line":74,"column":17},"end":{"line":74,"column":29}},"loc":{"start":{"line":74,"column":29},"end":{"line":76,"column":null}}},"4":{"name":"(anonymous_4)","decl":{"start":{"line":85,"column":12},"end":{"line":85,"column":18}},"loc":{"start":{"line":85,"column":18},"end":{"line":100,"column":5}}},"5":{"name":"(anonymous_5)","decl":{"start":{"line":86,"column":25},"end":{"line":86,"column":32}},"loc":{"start":{"line":86,"column":57},"end":{"line":90,"column":null}}},"6":{"name":"(anonymous_6)","decl":{"start":{"line":93,"column":58},"end":{"line":93,"column":59}},"loc":{"start":{"line":94,"column":8},"end":{"line":94,"column":null}}},"7":{"name":"(anonymous_7)","decl":{"start":{"line":97,"column":67},"end":{"line":97,"column":68}},"loc":{"start":{"line":98,"column":6},"end":{"line":98,"column":null}}},"8":{"name":"(anonymous_8)","decl":{"start":{"line":104,"column":12},"end":{"line":104,"column":18}},"loc":{"start":{"line":104,"column":18},"end":{"line":108,"column":5}}},"9":{"name":"(anonymous_9)","decl":{"start":{"line":112,"column":12},"end":{"line":112,"column":18}},"loc":{"start":{"line":112,"column":18},"end":{"line":115,"column":5}}},"10":{"name":"(anonymous_10)","decl":{"start":{"line":138,"column":23},"end":{"line":138,"column":24}},"loc":{"start":{"line":138,"column":43},"end":{"line":176,"column":11}}},"11":{"name":"(anonymous_11)","decl":{"start":{"line":167,"column":33},"end":{"line":167,"column":39}},"loc":{"start":{"line":167,"column":39},"end":{"line":167,"column":null}}},"12":{"name":"(anonymous_12)","decl":{"start":{"line":208,"column":22},"end":{"line":208,"column":23}},"loc":{"start":{"line":208,"column":29},"end":{"line":208,"column":null}}},"13":{"name":"(anonymous_13)","decl":{"start":{"line":220,"column":19},"end":{"line":220,"column":25}},"loc":{"start":{"line":220,"column":25},"end":{"line":222,"column":null}}}},"branchMap":{"0":{"loc":{"start":{"line":51,"column":17},"end":{"line":51,"column":null}},"type":"cond-expr","locations":[{"start":{"line":51,"column":36},"end":{"line":51,"column":44}},{"start":{"line":51,"column":44},"end":{"line":51,"column":null}}]},"1":{"loc":{"start":{"line":53,"column":13},"end":{"line":55,"column":null}},"type":"cond-expr","locations":[{"start":{"line":54,"column":6},"end":{"line":54,"column":null}},{"start":{"line":55,"column":6},"end":{"line":55,"column":null}}]},"2":{"loc":{"start":{"line":64,"column":4},"end":{"line":64,"column":null}},"type":"binary-expr","locations":[{"start":{"line":64,"column":4},"end":{"line":64,"column":22}},{"start":{"line":64,"column":22},"end":{"line":64,"column":null}}]},"3":{"loc":{"start":{"line":77,"column":4},"end":{"line":77,"column":null}},"type":"binary-expr","locations":[{"start":{"line":77,"column":4},"end":{"line":77,"column":14}},{"start":{"line":77,"column":14},"end":{"line":77,"column":null}}]},"4":{"loc":{"start":{"line":78,"column":4},"end":{"line":78,"column":null}},"type":"binary-expr","locations":[{"start":{"line":78,"column":4},"end":{"line":78,"column":15}},{"start":{"line":78,"column":15},"end":{"line":78,"column":null}}]},"5":{"loc":{"start":{"line":87,"column":6},"end":{"line":89,"column":null}},"type":"if","locations":[{"start":{"line":87,"column":6},"end":{"line":89,"column":null}},{"start":{},"end":{}}]},"6":{"loc":{"start":{"line":88,"column":8},"end":{"line":88,"column":null}},"type":"binary-expr","locations":[{"start":{"line":88,"column":8},"end":{"line":88,"column":40}},{"start":{"line":88,"column":40},"end":{"line":88,"column":null}}]},"7":{"loc":{"start":{"line":92,"column":4},"end":{"line":95,"column":null}},"type":"binary-expr","locations":[{"start":{"line":92,"column":4},"end":{"line":92,"column":null}},{"start":{"line":93,"column":6},"end":{"line":95,"column":null}}]},"8":{"loc":{"start":{"line":105,"column":4},"end":{"line":107,"column":null}},"type":"if","locations":[{"start":{"line":105,"column":4},"end":{"line":107,"column":null}},{"start":{},"end":{}}]},"9":{"loc":{"start":{"line":105,"column":8},"end":{"line":105,"column":29}},"type":"binary-expr","locations":[{"start":{"line":105,"column":8},"end":{"line":105,"column":19}},{"start":{"line":105,"column":19},"end":{"line":105,"column":29}}]},"10":{"loc":{"start":{"line":113,"column":4},"end":{"line":114,"column":null}},"type":"binary-expr","locations":[{"start":{"line":113,"column":4},"end":{"line":113,"column":null}},{"start":{"line":114,"column":6},"end":{"line":114,"column":null}}]},"11":{"loc":{"start":{"line":120,"column":8},"end":{"line":120,"column":null}},"type":"cond-expr","locations":[{"start":{"line":120,"column":17},"end":{"line":120,"column":34}},{"start":{"line":120,"column":34},"end":{"line":120,"column":null}}]},"12":{"loc":{"start":{"line":125,"column":10},"end":{"line":125,"column":null}},"type":"cond-expr","locations":[{"start":{"line":125,"column":20},"end":{"line":125,"column":45}},{"start":{"line":125,"column":45},"end":{"line":125,"column":null}}]},"13":{"loc":{"start":{"line":133,"column":23},"end":{"line":133,"column":64}},"type":"cond-expr","locations":[{"start":{"line":133,"column":32},"end":{"line":133,"column":50}},{"start":{"line":133,"column":50},"end":{"line":133,"column":64}}]},"14":{"loc":{"start":{"line":134,"column":10},"end":{"line":134,"column":null}},"type":"cond-expr","locations":[{"start":{"line":134,"column":20},"end":{"line":134,"column":54}},{"start":{"line":134,"column":54},"end":{"line":134,"column":null}}]},"15":{"loc":{"start":{"line":137,"column":9},"end":{"line":193,"column":null}},"type":"cond-expr","locations":[{"start":{"line":138,"column":10},"end":{"line":176,"column":null}},{"start":{"line":178,"column":10},"end":{"line":193,"column":null}}]},"16":{"loc":{"start":{"line":137,"column":9},"end":{"line":137,"column":null}},"type":"binary-expr","locations":[{"start":{"line":137,"column":9},"end":{"line":137,"column":21}},{"start":{"line":137,"column":21},"end":{"line":137,"column":null}}]},"17":{"loc":{"start":{"line":141,"column":21},"end":{"line":141,"column":null}},"type":"cond-expr","locations":[{"start":{"line":141,"column":49},"end":{"line":141,"column":68}},{"start":{"line":141,"column":68},"end":{"line":141,"column":null}}]},"18":{"loc":{"start":{"line":144,"column":18},"end":{"line":144,"column":null}},"type":"cond-expr","locations":[{"start":{"line":144,"column":39},"end":{"line":144,"column":55}},{"start":{"line":144,"column":55},"end":{"line":144,"column":null}}]},"19":{"loc":{"start":{"line":155,"column":24},"end":{"line":155,"column":null}},"type":"cond-expr","locations":[{"start":{"line":155,"column":33},"end":{"line":155,"column":52}},{"start":{"line":155,"column":52},"end":{"line":155,"column":null}}]},"20":{"loc":{"start":{"line":198,"column":23},"end":{"line":198,"column":66}},"type":"cond-expr","locations":[{"start":{"line":198,"column":33},"end":{"line":198,"column":58}},{"start":{"line":198,"column":58},"end":{"line":198,"column":66}}]},"21":{"loc":{"start":{"line":200,"column":24},"end":{"line":200,"column":null}},"type":"cond-expr","locations":[{"start":{"line":200,"column":33},"end":{"line":200,"column":51}},{"start":{"line":200,"column":51},"end":{"line":200,"column":null}}]},"22":{"loc":{"start":{"line":218,"column":12},"end":{"line":218,"column":null}},"type":"cond-expr","locations":[{"start":{"line":218,"column":21},"end":{"line":218,"column":38}},{"start":{"line":218,"column":38},"end":{"line":218,"column":null}}]}},"s":{"0":1,"1":4,"2":4,"3":4,"4":4,"5":4,"6":4,"7":4,"8":4,"9":4,"10":4,"11":4,"12":4,"13":4,"14":1,"15":1,"16":4,"17":4,"18":3,"19":3,"20":3,"21":3,"22":4,"23":3,"24":0,"25":0,"26":3,"27":0,"28":3,"29":0,"30":4,"31":3,"32":0,"33":4,"34":3,"35":4,"36":4,"37":1,"38":1,"39":1},"f":{"0":4,"1":1,"2":3,"3":3,"4":3,"5":0,"6":0,"7":0,"8":3,"9":3,"10":4,"11":1,"12":1,"13":1},"b":{"0":[0,4],"1":[4,0],"2":[1,1],"3":[3,3],"4":[3,0],"5":[0,0],"6":[0,0],"7":[3,3],"8":[0,3],"9":[3,0],"10":[3,0],"11":[4,0],"12":[0,4],"13":[4,0],"14":[0,4],"15":[4,0],"16":[4,4],"17":[0,4],"18":[2,2],"19":[4,0],"20":[0,4],"21":[4,0],"22":[4,0]}}
,"E:/Nizzcorp/AiFrontend/src/components/DialogComponents.tsx": {"path":"E:/Nizzcorp/AiFrontend/src/components/DialogComponents.tsx","statementMap":{"0":{"start":{"line":6,"column":2},"end":{"line":6,"column":null}},"1":{"start":{"line":10,"column":22},"end":{"line":10,"column":null}},"2":{"start":{"line":11,"column":29},"end":{"line":11,"column":null}},"3":{"start":{"line":12,"column":28},"end":{"line":12,"column":null}},"4":{"start":{"line":13,"column":27},"end":{"line":13,"column":null}},"5":{"start":{"line":15,"column":29},"end":{"line":28,"column":null}},"6":{"start":{"line":19,"column":2},"end":{"line":27,"column":null}},"7":{"start":{"line":29,"column":0},"end":{"line":29,"column":null}},"8":{"start":{"line":31,"column":29},"end":{"line":55,"column":null}},"9":{"start":{"line":35,"column":2},"end":{"line":54,"column":null}},"10":{"start":{"line":56,"column":0},"end":{"line":56,"column":null}},"11":{"start":{"line":58,"column":28},"end":{"line":65,"column":null}},"12":{"start":{"line":62,"column":2},"end":{"line":65,"column":null}},"13":{"start":{"line":67,"column":0},"end":{"line":67,"column":null}},"14":{"start":{"line":69,"column":28},"end":{"line":79,"column":null}},"15":{"start":{"line":73,"column":2},"end":{"line":79,"column":null}},"16":{"start":{"line":81,"column":0},"end":{"line":81,"column":null}},"17":{"start":{"line":83,"column":27},"end":{"line":92,"column":null}},"18":{"start":{"line":87,"column":2},"end":{"line":91,"column":null}},"19":{"start":{"line":93,"column":0},"end":{"line":93,"column":null}},"20":{"start":{"line":95,"column":33},"end":{"line":104,"column":null}},"21":{"start":{"line":99,"column":2},"end":{"line":103,"column":null}},"22":{"start":{"line":105,"column":0},"end":{"line":105,"column":null}}},"fnMap":{"0":{"name":"cn","decl":{"start":{"line":5,"column":9},"end":{"line":5,"column":15}},"loc":{"start":{"line":5,"column":34},"end":{"line":7,"column":null}}},"1":{"name":"(anonymous_1)","decl":{"start":{"line":18,"column":2},"end":{"line":18,"column":3}},"loc":{"start":{"line":19,"column":2},"end":{"line":27,"column":null}}},"2":{"name":"(anonymous_2)","decl":{"start":{"line":34,"column":2},"end":{"line":34,"column":3}},"loc":{"start":{"line":35,"column":2},"end":{"line":54,"column":null}}},"3":{"name":"(anonymous_3)","decl":{"start":{"line":58,"column":28},"end":{"line":58,"column":29}},"loc":{"start":{"line":62,"column":2},"end":{"line":65,"column":null}}},"4":{"name":"(anonymous_4)","decl":{"start":{"line":69,"column":28},"end":{"line":69,"column":29}},"loc":{"start":{"line":73,"column":2},"end":{"line":79,"column":null}}},"5":{"name":"(anonymous_5)","decl":{"start":{"line":86,"column":2},"end":{"line":86,"column":3}},"loc":{"start":{"line":87,"column":2},"end":{"line":91,"column":null}}},"6":{"name":"(anonymous_6)","decl":{"start":{"line":98,"column":2},"end":{"line":98,"column":3}},"loc":{"start":{"line":99,"column":2},"end":{"line":103,"column":null}}}},"branchMap":{"0":{"loc":{"start":{"line":24,"column":6},"end":{"line":24,"column":null}},"type":"binary-expr","locations":[{"start":{"line":24,"column":6},"end":{"line":24,"column":19}},{"start":{"line":24,"column":19},"end":{"line":24,"column":null}}]},"1":{"loc":{"start":{"line":44,"column":8},"end":{"line":44,"column":null}},"type":"binary-expr","locations":[{"start":{"line":44,"column":8},"end":{"line":44,"column":21}},{"start":{"line":44,"column":21},"end":{"line":44,"column":null}}]},"2":{"loc":{"start":{"line":63,"column":72},"end":{"line":63,"column":87}},"type":"binary-expr","locations":[{"start":{"line":63,"column":72},"end":{"line":63,"column":85}},{"start":{"line":63,"column":85},"end":{"line":63,"column":87}}]},"3":{"loc":{"start":{"line":76,"column":6},"end":{"line":76,"column":null}},"type":"binary-expr","locations":[{"start":{"line":76,"column":6},"end":{"line":76,"column":19}},{"start":{"line":76,"column":19},"end":{"line":76,"column":null}}]},"4":{"loc":{"start":{"line":89,"column":71},"end":{"line":89,"column":86}},"type":"binary-expr","locations":[{"start":{"line":89,"column":71},"end":{"line":89,"column":84}},{"start":{"line":89,"column":84},"end":{"line":89,"column":86}}]},"5":{"loc":{"start":{"line":101,"column":43},"end":{"line":101,"column":58}},"type":"binary-expr","locations":[{"start":{"line":101,"column":43},"end":{"line":101,"column":56}},{"start":{"line":101,"column":56},"end":{"line":101,"column":58}}]}},"s":{"0":0,"1":0,"2":0,"3":0,"4":0,"5":0,"6":0,"7":0,"8":0,"9":0,"10":0,"11":0,"12":0,"13":0,"14":0,"15":0,"16":0,"17":0,"18":0,"19":0,"20":0,"21":0,"22":0},"f":{"0":0,"1":0,"2":0,"3":0,"4":0,"5":0,"6":0},"b":{"0":[0,0],"1":[0,0],"2":[0,0],"3":[0,0],"4":[0,0],"5":[0,0]}}
,"E:/Nizzcorp/AiFrontend/src/components/ErrorBoundery.tsx": {"path":"E:/Nizzcorp/AiFrontend/src/components/ErrorBoundery.tsx","statementMap":{"0":{"start":{"line":17,"column":8},"end":{"line":17,"column":null}},"1":{"start":{"line":18,"column":8},"end":{"line":18,"column":null}},"2":{"start":{"line":23,"column":8},"end":{"line":23,"column":null}},"3":{"start":{"line":28,"column":8},"end":{"line":28,"column":null}},"4":{"start":{"line":32,"column":8},"end":{"line":34,"column":null}},"5":{"start":{"line":33,"column":12},"end":{"line":33,"column":null}},"6":{"start":{"line":36,"column":8},"end":{"line":36,"column":null}}},"fnMap":{"0":{"name":"(anonymous_0)","decl":{"start":{"line":16,"column":4},"end":{"line":16,"column":16}},"loc":{"start":{"line":16,"column":43},"end":{"line":19,"column":null}}},"1":{"name":"(anonymous_1)","decl":{"start":{"line":21,"column":4},"end":{"line":21,"column":11}},"loc":{"start":{"line":21,"column":66},"end":{"line":24,"column":null}}},"2":{"name":"(anonymous_2)","decl":{"start":{"line":26,"column":4},"end":{"line":26,"column":22}},"loc":{"start":{"line":26,"column":58},"end":{"line":29,"column":null}}},"3":{"name":"(anonymous_3)","decl":{"start":{"line":31,"column":4},"end":{"line":31,"column":13}},"loc":{"start":{"line":31,"column":13},"end":{"line":37,"column":null}}}},"branchMap":{"0":{"loc":{"start":{"line":32,"column":8},"end":{"line":34,"column":null}},"type":"if","locations":[{"start":{"line":32,"column":8},"end":{"line":34,"column":null}},{"start":{},"end":{}}]},"1":{"loc":{"start":{"line":33,"column":19},"end":{"line":33,"column":null}},"type":"binary-expr","locations":[{"start":{"line":33,"column":19},"end":{"line":33,"column":42}},{"start":{"line":33,"column":42},"end":{"line":33,"column":null}}]}},"s":{"0":0,"1":0,"2":0,"3":0,"4":0,"5":0,"6":0},"f":{"0":0,"1":0,"2":0,"3":0},"b":{"0":[0,0],"1":[0,0]}}
,"E:/Nizzcorp/AiFrontend/src/components/ErrorFile.tsx": {"path":"E:/Nizzcorp/AiFrontend/src/components/ErrorFile.tsx","statementMap":{"0":{"start":{"line":3,"column":18},"end":{"line":22,"column":null}},"1":{"start":{"line":4,"column":19},"end":{"line":4,"column":null}},"2":{"start":{"line":6,"column":2},"end":{"line":20,"column":null}},"3":{"start":{"line":15,"column":23},"end":{"line":15,"column":null}}},"fnMap":{"0":{"name":"(anonymous_0)","decl":{"start":{"line":3,"column":18},"end":{"line":3,"column":24}},"loc":{"start":{"line":3,"column":24},"end":{"line":22,"column":null}}},"1":{"name":"(anonymous_1)","decl":{"start":{"line":15,"column":17},"end":{"line":15,"column":23}},"loc":{"start":{"line":15,"column":23},"end":{"line":15,"column":null}}}},"branchMap":{},"s":{"0":1,"1":2,"2":2,"3":1},"f":{"0":2,"1":1},"b":{}}
,"E:/Nizzcorp/AiFrontend/src/components/LandingPageNavBar.tsx": {"path":"E:/Nizzcorp/AiFrontend/src/components/LandingPageNavBar.tsx","statementMap":{"0":{"start":{"line":4,"column":33},"end":{"line":48,"column":null}},"1":{"start":{"line":5,"column":19},"end":{"line":5,"column":null}},"2":{"start":{"line":6,"column":2},"end":{"line":46,"column":null}},"3":{"start":{"line":30,"column":27},"end":{"line":30,"column":null}},"4":{"start":{"line":40,"column":27},"end":{"line":40,"column":null}}},"fnMap":{"0":{"name":"(anonymous_0)","decl":{"start":{"line":4,"column":33},"end":{"line":4,"column":39}},"loc":{"start":{"line":4,"column":39},"end":{"line":48,"column":null}}},"1":{"name":"(anonymous_1)","decl":{"start":{"line":30,"column":21},"end":{"line":30,"column":27}},"loc":{"start":{"line":30,"column":27},"end":{"line":30,"column":null}}},"2":{"name":"(anonymous_2)","decl":{"start":{"line":40,"column":21},"end":{"line":40,"column":27}},"loc":{"start":{"line":40,"column":27},"end":{"line":40,"column":null}}}},"branchMap":{},"s":{"0":3,"1":16,"2":16,"3":0,"4":0},"f":{"0":16,"1":0,"2":0},"b":{}}
,"E:/Nizzcorp/AiFrontend/src/components/Login.tsx": {"path":"E:/Nizzcorp/AiFrontend/src/components/Login.tsx","statementMap":{"0":{"start":{"line":19,"column":15},"end":{"line":24,"column":null}},"1":{"start":{"line":42,"column":14},"end":{"line":123,"column":null}},"2":{"start":{"line":43,"column":21},"end":{"line":43,"column":null}},"3":{"start":{"line":44,"column":41},"end":{"line":44,"column":null}},"4":{"start":{"line":50,"column":8},"end":{"line":52,"column":null}},"5":{"start":{"line":63,"column":21},"end":{"line":66,"column":null}},"6":{"start":{"line":64,"column":36},"end":{"line":64,"column":null}},"7":{"start":{"line":65,"column":8},"end":{"line":65,"column":null}},"8":{"start":{"line":68,"column":4},"end":{"line":121,"column":null}},"9":{"start":{"line":115,"column":39},"end":{"line":115,"column":null}}},"fnMap":{"0":{"name":"(anonymous_0)","decl":{"start":{"line":42,"column":14},"end":{"line":42,"column":20}},"loc":{"start":{"line":42,"column":20},"end":{"line":123,"column":null}}},"1":{"name":"(anonymous_1)","decl":{"start":{"line":63,"column":21},"end":{"line":63,"column":28}},"loc":{"start":{"line":63,"column":47},"end":{"line":66,"column":null}}},"2":{"name":"(anonymous_2)","decl":{"start":{"line":115,"column":33},"end":{"line":115,"column":39}},"loc":{"start":{"line":115,"column":39},"end":{"line":115,"column":null}}}},"branchMap":{"0":{"loc":{"start":{"line":99,"column":17},"end":{"line":109,"column":null}},"type":"cond-expr","locations":[{"start":{"line":100,"column":20},"end":{"line":105,"column":null}},{"start":{"line":107,"column":20},"end":{"line":109,"column":null}}]}},"s":{"0":1,"1":1,"2":8,"3":8,"4":8,"5":8,"6":1,"7":1,"8":8,"9":0},"f":{"0":8,"1":1,"2":0},"b":{"0":[6,2]}}
,"E:/Nizzcorp/AiFrontend/src/components/PopupRecent.tsx": {"path":"E:/Nizzcorp/AiFrontend/src/components/PopupRecent.tsx","statementMap":{"0":{"start":{"line":33,"column":21},"end":{"line":33,"column":null}},"1":{"start":{"line":34,"column":47},"end":{"line":34,"column":null}},"2":{"start":{"line":36,"column":4},"end":{"line":38,"column":null}},"3":{"start":{"line":37,"column":8},"end":{"line":37,"column":null}},"4":{"start":{"line":40,"column":4},"end":{"line":85,"column":null}},"5":{"start":{"line":64,"column":28},"end":{"line":80,"column":null}},"6":{"start":{"line":67,"column":40},"end":{"line":67,"column":null}}},"fnMap":{"0":{"name":"PopupRecent","decl":{"start":{"line":32,"column":16},"end":{"line":32,"column":30}},"loc":{"start":{"line":32,"column":30},"end":{"line":87,"column":null}}},"1":{"name":"(anonymous_1)","decl":{"start":{"line":36,"column":14},"end":{"line":36,"column":20}},"loc":{"start":{"line":36,"column":20},"end":{"line":38,"column":7}}},"2":{"name":"(anonymous_2)","decl":{"start":{"line":63,"column":34},"end":{"line":63,"column":35}},"loc":{"start":{"line":64,"column":28},"end":{"line":80,"column":null}}},"3":{"name":"(anonymous_3)","decl":{"start":{"line":66,"column":45},"end":{"line":66,"column":null}},"loc":{"start":{"line":67,"column":40},"end":{"line":67,"column":null}}}},"branchMap":{"0":{"loc":{"start":{"line":57,"column":21},"end":{"line":81,"column":null}},"type":"cond-expr","locations":[{"start":{"line":58,"column":24},"end":{"line":58,"column":null}},{"start":{"line":59,"column":24},"end":{"line":81,"column":null}}]},"1":{"loc":{"start":{"line":59,"column":24},"end":{"line":81,"column":null}},"type":"cond-expr","locations":[{"start":{"line":60,"column":24},"end":{"line":60,"column":null}},{"start":{"line":62,"column":24},"end":{"line":81,"column":null}}]},"2":{"loc":{"start":{"line":62,"column":24},"end":{"line":81,"column":null}},"type":"binary-expr","locations":[{"start":{"line":62,"column":24},"end":{"line":62,"column":null}},{"start":{"line":63,"column":24},"end":{"line":81,"column":null}}]}},"s":{"0":11,"1":11,"2":11,"3":5,"4":11,"5":8,"6":0},"f":{"0":11,"1":5,"2":8,"3":0},"b":{"0":[0,11],"1":[3,8],"2":[8,8]}}
,"E:/Nizzcorp/AiFrontend/src/components/Sidebar.tsx": {"path":"E:/Nizzcorp/AiFrontend/src/components/Sidebar.tsx","statementMap":{"0":{"start":{"line":42,"column":16},"end":{"line":301,"column":null}},"1":{"start":{"line":43,"column":21},"end":{"line":43,"column":null}},"2":{"start":{"line":44,"column":38},"end":{"line":44,"column":null}},"3":{"start":{"line":45,"column":21},"end":{"line":45,"column":null}},"4":{"start":{"line":46,"column":48},"end":{"line":46,"column":null}},"5":{"start":{"line":47,"column":36},"end":{"line":47,"column":null}},"6":{"start":{"line":49,"column":47},"end":{"line":49,"column":null}},"7":{"start":{"line":50,"column":47},"end":{"line":50,"column":null}},"8":{"start":{"line":51,"column":42},"end":{"line":51,"column":null}},"9":{"start":{"line":52,"column":28},"end":{"line":52,"column":null}},"10":{"start":{"line":54,"column":30},"end":{"line":54,"column":null}},"11":{"start":{"line":55,"column":22},"end":{"line":55,"column":null}},"12":{"start":{"line":56,"column":19},"end":{"line":56,"column":null}},"13":{"start":{"line":63,"column":29},"end":{"line":66,"column":null}},"14":{"start":{"line":64,"column":8},"end":{"line":64,"column":null}},"15":{"start":{"line":65,"column":8},"end":{"line":65,"column":null}},"16":{"start":{"line":70,"column":4},"end":{"line":87,"column":null}},"17":{"start":{"line":71,"column":8},"end":{"line":71,"column":null}},"18":{"start":{"line":73,"column":35},"end":{"line":81,"column":null}},"19":{"start":{"line":74,"column":37},"end":{"line":76,"column":null}},"20":{"start":{"line":75,"column":16},"end":{"line":75,"column":null}},"21":{"start":{"line":77,"column":12},"end":{"line":80,"column":null}},"22":{"start":{"line":78,"column":16},"end":{"line":78,"column":null}},"23":{"start":{"line":79,"column":16},"end":{"line":79,"column":null}},"24":{"start":{"line":83,"column":8},"end":{"line":83,"column":null}},"25":{"start":{"line":84,"column":8},"end":{"line":86,"column":null}},"26":{"start":{"line":85,"column":12},"end":{"line":85,"column":null}},"27":{"start":{"line":95,"column":28},"end":{"line":99,"column":null}},"28":{"start":{"line":96,"column":8},"end":{"line":96,"column":null}},"29":{"start":{"line":97,"column":8},"end":{"line":97,"column":null}},"30":{"start":{"line":98,"column":8},"end":{"line":98,"column":null}},"31":{"start":{"line":106,"column":29},"end":{"line":110,"column":null}},"32":{"start":{"line":107,"column":8},"end":{"line":107,"column":null}},"33":{"start":{"line":108,"column":8},"end":{"line":108,"column":null}},"34":{"start":{"line":109,"column":8},"end":{"line":109,"column":null}},"35":{"start":{"line":112,"column":4},"end":{"line":120,"column":null}},"36":{"start":{"line":113,"column":8},"end":{"line":118,"column":null}},"37":{"start":{"line":122,"column":4},"end":{"line":130,"column":null}},"38":{"start":{"line":123,"column":8},"end":{"line":128,"column":null}},"39":{"start":{"line":132,"column":4},"end":{"line":299,"column":null}},"40":{"start":{"line":158,"column":43},"end":{"line":158,"column":null}},"41":{"start":{"line":165,"column":39},"end":{"line":165,"column":null}},"42":{"start":{"line":195,"column":32},"end":{"line":284,"column":null}},"43":{"start":{"line":198,"column":40},"end":{"line":198,"column":null}},"44":{"start":{"line":201,"column":40},"end":{"line":201,"column":null}},"45":{"start":{"line":201,"column":60},"end":{"line":201,"column":null}},"46":{"start":{"line":202,"column":40},"end":{"line":202,"column":null}},"47":{"start":{"line":217,"column":52},"end":{"line":217,"column":null}},"48":{"start":{"line":220,"column":52},"end":{"line":220,"column":null}},"49":{"start":{"line":226,"column":52},"end":{"line":226,"column":null}},"50":{"start":{"line":227,"column":52},"end":{"line":227,"column":null}},"51":{"start":{"line":247,"column":52},"end":{"line":247,"column":null}},"52":{"start":{"line":248,"column":52},"end":{"line":252,"column":null}},"53":{"start":{"line":261,"column":60},"end":{"line":261,"column":null}},"54":{"start":{"line":262,"column":60},"end":{"line":265,"column":null}},"55":{"start":{"line":273,"column":60},"end":{"line":275,"column":null}},"56":{"start":{"line":293,"column":35},"end":{"line":293,"column":null}}},"fnMap":{"0":{"name":"(anonymous_0)","decl":{"start":{"line":42,"column":16},"end":{"line":42,"column":17}},"loc":{"start":{"line":42,"column":61},"end":{"line":301,"column":null}}},"1":{"name":"(anonymous_1)","decl":{"start":{"line":63,"column":29},"end":{"line":63,"column":36}},"loc":{"start":{"line":63,"column":55},"end":{"line":66,"column":null}}},"2":{"name":"(anonymous_2)","decl":{"start":{"line":70,"column":14},"end":{"line":70,"column":20}},"loc":{"start":{"line":70,"column":20},"end":{"line":87,"column":7}}},"3":{"name":"(anonymous_3)","decl":{"start":{"line":73,"column":35},"end":{"line":73,"column":36}},"loc":{"start":{"line":73,"column":58},"end":{"line":81,"column":null}}},"4":{"name":"(anonymous_4)","decl":{"start":{"line":74,"column":59},"end":{"line":74,"column":60}},"loc":{"start":{"line":75,"column":16},"end":{"line":75,"column":null}}},"5":{"name":"(anonymous_5)","decl":{"start":{"line":84,"column":15},"end":{"line":84,"column":21}},"loc":{"start":{"line":84,"column":21},"end":{"line":86,"column":null}}},"6":{"name":"(anonymous_6)","decl":{"start":{"line":95,"column":28},"end":{"line":95,"column":29}},"loc":{"start":{"line":95,"column":70},"end":{"line":99,"column":null}}},"7":{"name":"(anonymous_7)","decl":{"start":{"line":106,"column":29},"end":{"line":106,"column":36}},"loc":{"start":{"line":106,"column":55},"end":{"line":110,"column":null}}},"8":{"name":"(anonymous_8)","decl":{"start":{"line":158,"column":37},"end":{"line":158,"column":43}},"loc":{"start":{"line":158,"column":43},"end":{"line":158,"column":null}}},"9":{"name":"(anonymous_9)","decl":{"start":{"line":165,"column":33},"end":{"line":165,"column":39}},"loc":{"start":{"line":165,"column":39},"end":{"line":165,"column":null}}},"10":{"name":"(anonymous_10)","decl":{"start":{"line":194,"column":51},"end":{"line":194,"column":52}},"loc":{"start":{"line":195,"column":32},"end":{"line":284,"column":null}}},"11":{"name":"(anonymous_11)","decl":{"start":{"line":197,"column":41},"end":{"line":197,"column":42}},"loc":{"start":{"line":197,"column":49},"end":{"line":199,"column":null}}},"12":{"name":"(anonymous_12)","decl":{"start":{"line":200,"column":45},"end":{"line":200,"column":51}},"loc":{"start":{"line":200,"column":51},"end":{"line":203,"column":null}}},"13":{"name":"(anonymous_13)","decl":{"start":{"line":216,"column":58},"end":{"line":216,"column":59}},"loc":{"start":{"line":217,"column":52},"end":{"line":217,"column":null}}},"14":{"name":"(anonymous_14)","decl":{"start":{"line":219,"column":57},"end":{"line":219,"column":58}},"loc":{"start":{"line":220,"column":52},"end":{"line":220,"column":null}}},"15":{"name":"(anonymous_15)","decl":{"start":{"line":225,"column":57},"end":{"line":225,"column":58}},"loc":{"start":{"line":225,"column":64},"end":{"line":228,"column":null}}},"16":{"name":"(anonymous_16)","decl":{"start":{"line":246,"column":57},"end":{"line":246,"column":58}},"loc":{"start":{"line":246,"column":64},"end":{"line":253,"column":null}}},"17":{"name":"(anonymous_17)","decl":{"start":{"line":260,"column":65},"end":{"line":260,"column":66}},"loc":{"start":{"line":260,"column":72},"end":{"line":266,"column":null}}},"18":{"name":"(anonymous_18)","decl":{"start":{"line":272,"column":65},"end":{"line":272,"column":null}},"loc":{"start":{"line":273,"column":60},"end":{"line":275,"column":null}}},"19":{"name":"(anonymous_19)","decl":{"start":{"line":293,"column":29},"end":{"line":293,"column":35}},"loc":{"start":{"line":293,"column":35},"end":{"line":293,"column":null}}}},"branchMap":{"0":{"loc":{"start":{"line":56,"column":19},"end":{"line":56,"column":null}},"type":"cond-expr","locations":[{"start":{"line":56,"column":38},"end":{"line":56,"column":46}},{"start":{"line":56,"column":46},"end":{"line":56,"column":null}}]},"1":{"loc":{"start":{"line":77,"column":12},"end":{"line":80,"column":null}},"type":"if","locations":[{"start":{"line":77,"column":12},"end":{"line":80,"column":null}},{"start":{},"end":{}}]},"2":{"loc":{"start":{"line":112,"column":4},"end":{"line":120,"column":null}},"type":"if","locations":[{"start":{"line":112,"column":4},"end":{"line":120,"column":null}},{"start":{},"end":{}}]},"3":{"loc":{"start":{"line":122,"column":4},"end":{"line":130,"column":null}},"type":"if","locations":[{"start":{"line":122,"column":4},"end":{"line":130,"column":null}},{"start":{},"end":{}}]},"4":{"loc":{"start":{"line":137,"column":30},"end":{"line":137,"column":52}},"type":"cond-expr","locations":[{"start":{"line":137,"column":39},"end":{"line":137,"column":43}},{"start":{"line":137,"column":43},"end":{"line":137,"column":52}}]},"5":{"loc":{"start":{"line":145,"column":20},"end":{"line":147,"column":null}},"type":"cond-expr","locations":[{"start":{"line":146,"column":26},"end":{"line":146,"column":null}},{"start":{"line":147,"column":26},"end":{"line":147,"column":null}}]},"6":{"loc":{"start":{"line":183,"column":28},"end":{"line":185,"column":null}},"type":"cond-expr","locations":[{"start":{"line":184,"column":34},"end":{"line":184,"column":null}},{"start":{"line":185,"column":34},"end":{"line":185,"column":null}}]},"7":{"loc":{"start":{"line":188,"column":25},"end":{"line":285,"column":null}},"type":"cond-expr","locations":[{"start":{"line":189,"column":28},"end":{"line":189,"column":null}},{"start":{"line":190,"column":28},"end":{"line":285,"column":null}}]},"8":{"loc":{"start":{"line":190,"column":28},"end":{"line":285,"column":null}},"type":"cond-expr","locations":[{"start":{"line":191,"column":28},"end":{"line":191,"column":null}},{"start":{"line":193,"column":28},"end":{"line":285,"column":null}}]},"9":{"loc":{"start":{"line":193,"column":28},"end":{"line":285,"column":null}},"type":"binary-expr","locations":[{"start":{"line":193,"column":28},"end":{"line":193,"column":null}},{"start":{"line":194,"column":28},"end":{"line":285,"column":null}}]},"10":{"loc":{"start":{"line":201,"column":40},"end":{"line":201,"column":null}},"type":"if","locations":[{"start":{"line":201,"column":40},"end":{"line":201,"column":null}},{"start":{},"end":{}}]},"11":{"loc":{"start":{"line":205,"column":40},"end":{"line":207,"column":null}},"type":"cond-expr","locations":[{"start":{"line":206,"column":46},"end":{"line":206,"column":null}},{"start":{"line":207,"column":46},"end":{"line":207,"column":null}}]},"12":{"loc":{"start":{"line":210,"column":37},"end":{"line":282,"column":null}},"type":"cond-expr","locations":[{"start":{"line":211,"column":40},"end":{"line":233,"column":null}},{"start":{"line":235,"column":40},"end":{"line":282,"column":null}}]},"13":{"loc":{"start":{"line":249,"column":56},"end":{"line":251,"column":null}},"type":"cond-expr","locations":[{"start":{"line":250,"column":62},"end":{"line":250,"column":null}},{"start":{"line":251,"column":62},"end":{"line":251,"column":null}}]},"14":{"loc":{"start":{"line":256,"column":45},"end":{"line":280,"column":null}},"type":"binary-expr","locations":[{"start":{"line":256,"column":45},"end":{"line":256,"column":null}},{"start":{"line":257,"column":48},"end":{"line":280,"column":null}}]}},"s":{"0":1,"1":12,"2":12,"3":12,"4":12,"5":12,"6":12,"7":12,"8":12,"9":12,"10":12,"11":12,"12":12,"13":12,"14":1,"15":1,"16":12,"17":6,"18":6,"19":0,"20":0,"21":0,"22":0,"23":0,"24":6,"25":6,"26":6,"27":12,"28":1,"29":1,"30":1,"31":12,"32":1,"33":1,"34":1,"35":12,"36":0,"37":12,"38":1,"39":11,"40":0,"41":1,"42":8,"43":16,"44":1,"45":0,"46":1,"47":1,"48":0,"49":1,"50":1,"51":2,"52":2,"53":1,"54":1,"55":1,"56":0},"f":{"0":12,"1":1,"2":6,"3":0,"4":0,"5":6,"6":1,"7":1,"8":0,"9":1,"10":8,"11":16,"12":1,"13":1,"14":0,"15":1,"16":2,"17":1,"18":1,"19":0},"b":{"0":[0,12],"1":[0,0],"2":[0,12],"3":[1,11],"4":[11,0],"5":[11,0],"6":[11,0],"7":[0,11],"8":[3,8],"9":[8,8],"10":[0,1],"11":[0,8],"12":[2,6],"13":[0,2],"14":[6,4]}}
,"E:/Nizzcorp/AiFrontend/src/components/Signup.tsx": {"path":"E:/Nizzcorp/AiFrontend/src/components/Signup.tsx","statementMap":{"0":{"start":{"line":21,"column":15},"end":{"line":27,"column":null}},"1":{"start":{"line":47,"column":15},"end":{"line":141,"column":null}},"2":{"start":{"line":48,"column":21},"end":{"line":48,"column":null}},"3":{"start":{"line":49,"column":48},"end":{"line":49,"column":null}},"4":{"start":{"line":61,"column":8},"end":{"line":63,"column":null}},"5":{"start":{"line":71,"column":21},"end":{"line":74,"column":null}},"6":{"start":{"line":72,"column":46},"end":{"line":72,"column":null}},"7":{"start":{"line":73,"column":8},"end":{"line":73,"column":null}},"8":{"start":{"line":76,"column":4},"end":{"line":139,"column":null}},"9":{"start":{"line":133,"column":39},"end":{"line":133,"column":null}}},"fnMap":{"0":{"name":"(anonymous_0)","decl":{"start":{"line":47,"column":15},"end":{"line":47,"column":21}},"loc":{"start":{"line":47,"column":21},"end":{"line":141,"column":null}}},"1":{"name":"(anonymous_1)","decl":{"start":{"line":71,"column":21},"end":{"line":71,"column":28}},"loc":{"start":{"line":71,"column":47},"end":{"line":74,"column":null}}},"2":{"name":"(anonymous_2)","decl":{"start":{"line":133,"column":33},"end":{"line":133,"column":39}},"loc":{"start":{"line":133,"column":39},"end":{"line":133,"column":null}}}},"branchMap":{"0":{"loc":{"start":{"line":117,"column":17},"end":{"line":127,"column":null}},"type":"cond-expr","locations":[{"start":{"line":118,"column":20},"end":{"line":123,"column":null}},{"start":{"line":125,"column":20},"end":{"line":127,"column":null}}]}},"s":{"0":1,"1":1,"2":6,"3":6,"4":6,"5":6,"6":0,"7":0,"8":6,"9":0},"f":{"0":6,"1":0,"2":0},"b":{"0":[4,2]}}
,"E:/Nizzcorp/AiFrontend/src/components/sonner.tsx": {"path":"E:/Nizzcorp/AiFrontend/src/components/sonner.tsx","statementMap":{"0":{"start":{"line":6,"column":16},"end":{"line":26,"column":null}},"1":{"start":{"line":7,"column":22},"end":{"line":7,"column":null}},"2":{"start":{"line":8,"column":19},"end":{"line":8,"column":null}},"3":{"start":{"line":9,"column":4},"end":{"line":24,"column":null}}},"fnMap":{"0":{"name":"(anonymous_0)","decl":{"start":{"line":6,"column":16},"end":{"line":6,"column":17}},"loc":{"start":{"line":6,"column":48},"end":{"line":26,"column":null}}}},"branchMap":{"0":{"loc":{"start":{"line":8,"column":19},"end":{"line":8,"column":null}},"type":"cond-expr","locations":[{"start":{"line":8,"column":38},"end":{"line":8,"column":45}},{"start":{"line":8,"column":45},"end":{"line":8,"column":null}}]},"1":{"loc":{"start":{"line":11,"column":19},"end":{"line":11,"column":null}},"type":"cond-expr","locations":[{"start":{"line":11,"column":28},"end":{"line":11,"column":38}},{"start":{"line":11,"column":38},"end":{"line":11,"column":null}}]}},"s":{"0":0,"1":0,"2":0,"3":0},"f":{"0":0},"b":{"0":[0,0],"1":[0,0]}}
,"E:/Nizzcorp/AiFrontend/src/components/theme-provider.tsx": {"path":"E:/Nizzcorp/AiFrontend/src/components/theme-provider.tsx","statementMap":{"0":{"start":{"line":8,"column":2},"end":{"line":8,"column":null}}},"fnMap":{"0":{"name":"ThemeProvider","decl":{"start":{"line":4,"column":16},"end":{"line":4,"column":30}},"loc":{"start":{"line":7,"column":52},"end":{"line":9,"column":null}}}},"branchMap":{},"s":{"0":0},"f":{"0":0},"b":{}}
,"E:/Nizzcorp/AiFrontend/src/components/ui/dialog.tsx": {"path":"E:/Nizzcorp/AiFrontend/src/components/ui/dialog.tsx","statementMap":{"0":{"start":{"line":10,"column":2},"end":{"line":10,"column":null}},"1":{"start":{"line":16,"column":2},"end":{"line":16,"column":null}},"2":{"start":{"line":22,"column":2},"end":{"line":22,"column":null}},"3":{"start":{"line":28,"column":2},"end":{"line":28,"column":null}},"4":{"start":{"line":35,"column":2},"end":{"line":43,"column":null}},"5":{"start":{"line":52,"column":2},"end":{"line":69,"column":null}},"6":{"start":{"line":74,"column":2},"end":{"line":79,"column":null}},"7":{"start":{"line":84,"column":2},"end":{"line":92,"column":null}},"8":{"start":{"line":100,"column":2},"end":{"line":105,"column":null}},"9":{"start":{"line":113,"column":2},"end":{"line":118,"column":null}}},"fnMap":{"0":{"name":"Dialog","decl":{"start":{"line":7,"column":9},"end":{"line":7,"column":16}},"loc":{"start":{"line":9,"column":54},"end":{"line":11,"column":null}}},"1":{"name":"DialogTrigger","decl":{"start":{"line":13,"column":9},"end":{"line":13,"column":23}},"loc":{"start":{"line":15,"column":57},"end":{"line":17,"column":null}}},"2":{"name":"DialogPortal","decl":{"start":{"line":19,"column":9},"end":{"line":19,"column":22}},"loc":{"start":{"line":21,"column":56},"end":{"line":23,"column":null}}},"3":{"name":"DialogClose","decl":{"start":{"line":25,"column":9},"end":{"line":25,"column":21}},"loc":{"start":{"line":27,"column":55},"end":{"line":29,"column":null}}},"4":{"name":"DialogOverlay","decl":{"start":{"line":31,"column":9},"end":{"line":31,"column":23}},"loc":{"start":{"line":34,"column":57},"end":{"line":45,"column":null}}},"5":{"name":"DialogContent","decl":{"start":{"line":47,"column":9},"end":{"line":47,"column":23}},"loc":{"start":{"line":51,"column":57},"end":{"line":71,"column":null}}},"6":{"name":"DialogHeader","decl":{"start":{"line":73,"column":9},"end":{"line":73,"column":22}},"loc":{"start":{"line":73,"column":76},"end":{"line":81,"column":null}}},"7":{"name":"DialogFooter","decl":{"start":{"line":83,"column":9},"end":{"line":83,"column":22}},"loc":{"start":{"line":83,"column":76},"end":{"line":94,"column":null}}},"8":{"name":"DialogTitle","decl":{"start":{"line":96,"column":9},"end":{"line":96,"column":21}},"loc":{"start":{"line":99,"column":55},"end":{"line":107,"column":null}}},"9":{"name":"DialogDescription","decl":{"start":{"line":109,"column":9},"end":{"line":109,"column":27}},"loc":{"start":{"line":112,"column":61},"end":{"line":120,"column":null}}}},"branchMap":{},"s":{"0":11,"1":11,"2":11,"3":0,"4":0,"5":11,"6":0,"7":0,"8":0,"9":0},"f":{"0":11,"1":11,"2":11,"3":0,"4":0,"5":11,"6":0,"7":0,"8":0,"9":0},"b":{}}
,"E:/Nizzcorp/AiFrontend/src/components/ui/sonner.tsx": {"path":"E:/Nizzcorp/AiFrontend/src/components/ui/sonner.tsx","statementMap":{"0":{"start":{"line":4,"column":16},"end":{"line":21,"column":null}},"1":{"start":{"line":5,"column":31},"end":{"line":5,"column":null}},"2":{"start":{"line":7,"column":2},"end":{"line":19,"column":null}}},"fnMap":{"0":{"name":"(anonymous_0)","decl":{"start":{"line":4,"column":16},"end":{"line":4,"column":17}},"loc":{"start":{"line":4,"column":48},"end":{"line":21,"column":null}}}},"branchMap":{"0":{"loc":{"start":{"line":5,"column":10},"end":{"line":5,"column":27}},"type":"default-arg","locations":[{"start":{"line":5,"column":18},"end":{"line":5,"column":27}}]}},"s":{"0":0,"1":0,"2":0},"f":{"0":0},"b":{"0":[0]}}
,"E:/Nizzcorp/AiFrontend/src/constance/apiConstance.ts": {"path":"E:/Nizzcorp/AiFrontend/src/constance/apiConstance.ts","statementMap":{"0":{"start":{"line":1,"column":24},"end":{"line":1,"column":null}},"1":{"start":{"line":3,"column":29},"end":{"line":3,"column":null}},"2":{"start":{"line":4,"column":24},"end":{"line":4,"column":null}},"3":{"start":{"line":5,"column":26},"end":{"line":5,"column":null}},"4":{"start":{"line":7,"column":30},"end":{"line":7,"column":null}},"5":{"start":{"line":8,"column":27},"end":{"line":8,"column":null}},"6":{"start":{"line":9,"column":26},"end":{"line":9,"column":null}},"7":{"start":{"line":10,"column":31},"end":{"line":10,"column":null}},"8":{"start":{"line":11,"column":30},"end":{"line":11,"column":null}},"9":{"start":{"line":12,"column":28},"end":{"line":12,"column":null}}},"fnMap":{},"branchMap":{},"s":{"0":14,"1":14,"2":14,"3":14,"4":14,"5":14,"6":14,"7":14,"8":14,"9":14},"f":{},"b":{}}
,"E:/Nizzcorp/AiFrontend/src/features/chat/chatSlice.ts": {"path":"E:/Nizzcorp/AiFrontend/src/features/chat/chatSlice.ts","statementMap":{"0":{"start":{"line":47,"column":32},"end":{"line":57,"column":null}},"1":{"start":{"line":62,"column":25},"end":{"line":154,"column":null}},"2":{"start":{"line":67,"column":12},"end":{"line":67,"column":null}},"3":{"start":{"line":71,"column":8},"end":{"line":152,"column":null}},"4":{"start":{"line":73,"column":16},"end":{"line":73,"column":null}},"5":{"start":{"line":76,"column":16},"end":{"line":76,"column":null}},"6":{"start":{"line":77,"column":16},"end":{"line":81,"column":null}},"7":{"start":{"line":78,"column":20},"end":{"line":78,"column":null}},"8":{"start":{"line":78,"column":41},"end":{"line":78,"column":null}},"9":{"start":{"line":79,"column":20},"end":{"line":79,"column":null}},"10":{"start":{"line":80,"column":20},"end":{"line":80,"column":null}},"11":{"start":{"line":84,"column":16},"end":{"line":84,"column":null}},"12":{"start":{"line":87,"column":16},"end":{"line":87,"column":null}},"13":{"start":{"line":88,"column":16},"end":{"line":88,"column":null}},"14":{"start":{"line":91,"column":16},"end":{"line":91,"column":null}},"15":{"start":{"line":92,"column":16},"end":{"line":92,"column":null}},"16":{"start":{"line":95,"column":16},"end":{"line":95,"column":null}},"17":{"start":{"line":98,"column":16},"end":{"line":98,"column":null}},"18":{"start":{"line":99,"column":16},"end":{"line":99,"column":null}},"19":{"start":{"line":102,"column":16},"end":{"line":102,"column":null}},"20":{"start":{"line":103,"column":16},"end":{"line":103,"column":null}},"21":{"start":{"line":106,"column":16},"end":{"line":106,"column":null}},"22":{"start":{"line":109,"column":16},"end":{"line":109,"column":null}},"23":{"start":{"line":112,"column":16},"end":{"line":112,"column":null}},"24":{"start":{"line":113,"column":16},"end":{"line":120,"column":null}},"25":{"start":{"line":114,"column":33},"end":{"line":116,"column":null}},"26":{"start":{"line":115,"column":31},"end":{"line":115,"column":null}},"27":{"start":{"line":117,"column":20},"end":{"line":119,"column":null}},"28":{"start":{"line":118,"column":24},"end":{"line":118,"column":null}},"29":{"start":{"line":123,"column":16},"end":{"line":123,"column":null}},"30":{"start":{"line":126,"column":16},"end":{"line":126,"column":null}},"31":{"start":{"line":129,"column":16},"end":{"line":129,"column":null}},"32":{"start":{"line":130,"column":16},"end":{"line":134,"column":null}},"33":{"start":{"line":131,"column":20},"end":{"line":133,"column":null}},"34":{"start":{"line":132,"column":34},"end":{"line":132,"column":null}},"35":{"start":{"line":137,"column":16},"end":{"line":137,"column":null}},"36":{"start":{"line":140,"column":16},"end":{"line":140,"column":null}},"37":{"start":{"line":143,"column":16},"end":{"line":143,"column":null}},"38":{"start":{"line":144,"column":16},"end":{"line":148,"column":null}},"39":{"start":{"line":145,"column":20},"end":{"line":147,"column":null}},"40":{"start":{"line":146,"column":37},"end":{"line":146,"column":null}},"41":{"start":{"line":151,"column":16},"end":{"line":151,"column":null}},"42":{"start":{"line":163,"column":37},"end":{"line":170,"column":null}},"43":{"start":{"line":166,"column":28},"end":{"line":166,"column":null}},"44":{"start":{"line":167,"column":21},"end":{"line":167,"column":null}},"45":{"start":{"line":168,"column":8},"end":{"line":168,"column":null}},"46":{"start":{"line":176,"column":38},"end":{"line":184,"column":null}},"47":{"start":{"line":179,"column":8},"end":{"line":179,"column":null}},"48":{"start":{"line":180,"column":28},"end":{"line":180,"column":null}},"49":{"start":{"line":181,"column":21},"end":{"line":181,"column":null}},"50":{"start":{"line":182,"column":8},"end":{"line":182,"column":null}},"51":{"start":{"line":191,"column":40},"end":{"line":198,"column":null}},"52":{"start":{"line":194,"column":28},"end":{"line":194,"column":null}},"53":{"start":{"line":195,"column":21},"end":{"line":195,"column":null}},"54":{"start":{"line":196,"column":8},"end":{"line":196,"column":null}},"55":{"start":{"line":207,"column":34},"end":{"line":215,"column":null}},"56":{"start":{"line":210,"column":28},"end":{"line":210,"column":null}},"57":{"start":{"line":211,"column":8},"end":{"line":211,"column":null}},"58":{"start":{"line":212,"column":21},"end":{"line":212,"column":null}},"59":{"start":{"line":213,"column":8},"end":{"line":213,"column":null}},"60":{"start":{"line":222,"column":36},"end":{"line":229,"column":null}},"61":{"start":{"line":225,"column":28},"end":{"line":225,"column":null}},"62":{"start":{"line":226,"column":8},"end":{"line":226,"column":null}},"63":{"start":{"line":227,"column":8},"end":{"line":227,"column":null}},"64":{"start":{"line":236,"column":39},"end":{"line":243,"column":null}},"65":{"start":{"line":239,"column":28},"end":{"line":239,"column":null}},"66":{"start":{"line":240,"column":8},"end":{"line":240,"column":null}},"67":{"start":{"line":241,"column":8},"end":{"line":241,"column":null}}},"fnMap":{"0":{"name":"(anonymous_0)","decl":{"start":{"line":66,"column":23},"end":{"line":66,"column":24}},"loc":{"start":{"line":66,"column":34},"end":{"line":68,"column":null}}},"1":{"name":"(anonymous_1)","decl":{"start":{"line":70,"column":4},"end":{"line":70,"column":18}},"loc":{"start":{"line":70,"column":27},"end":{"line":153,"column":null}}},"2":{"name":"(anonymous_2)","decl":{"start":{"line":72,"column":52},"end":{"line":72,"column":53}},"loc":{"start":{"line":72,"column":63},"end":{"line":74,"column":13}}},"3":{"name":"(anonymous_3)","decl":{"start":{"line":75,"column":54},"end":{"line":75,"column":55}},"loc":{"start":{"line":75,"column":73},"end":{"line":82,"column":13}}},"4":{"name":"(anonymous_4)","decl":{"start":{"line":83,"column":53},"end":{"line":83,"column":54}},"loc":{"start":{"line":83,"column":64},"end":{"line":85,"column":13}}},"5":{"name":"(anonymous_5)","decl":{"start":{"line":86,"column":53},"end":{"line":86,"column":54}},"loc":{"start":{"line":86,"column":64},"end":{"line":89,"column":13}}},"6":{"name":"(anonymous_6)","decl":{"start":{"line":90,"column":55},"end":{"line":90,"column":56}},"loc":{"start":{"line":90,"column":74},"end":{"line":93,"column":13}}},"7":{"name":"(anonymous_7)","decl":{"start":{"line":94,"column":54},"end":{"line":94,"column":55}},"loc":{"start":{"line":94,"column":65},"end":{"line":96,"column":13}}},"8":{"name":"(anonymous_8)","decl":{"start":{"line":97,"column":55},"end":{"line":97,"column":56}},"loc":{"start":{"line":97,"column":66},"end":{"line":100,"column":13}}},"9":{"name":"(anonymous_9)","decl":{"start":{"line":101,"column":57},"end":{"line":101,"column":58}},"loc":{"start":{"line":101,"column":76},"end":{"line":104,"column":13}}},"10":{"name":"(anonymous_10)","decl":{"start":{"line":105,"column":56},"end":{"line":105,"column":57}},"loc":{"start":{"line":105,"column":67},"end":{"line":107,"column":13}}},"11":{"name":"(anonymous_11)","decl":{"start":{"line":108,"column":49},"end":{"line":108,"column":50}},"loc":{"start":{"line":108,"column":60},"end":{"line":110,"column":13}}},"12":{"name":"(anonymous_12)","decl":{"start":{"line":111,"column":51},"end":{"line":111,"column":52}},"loc":{"start":{"line":111,"column":70},"end":{"line":121,"column":13}}},"13":{"name":"(anonymous_13)","decl":{"start":{"line":115,"column":24},"end":{"line":115,"column":25}},"loc":{"start":{"line":115,"column":31},"end":{"line":115,"column":null}}},"14":{"name":"(anonymous_14)","decl":{"start":{"line":122,"column":50},"end":{"line":122,"column":51}},"loc":{"start":{"line":122,"column":61},"end":{"line":124,"column":13}}},"15":{"name":"(anonymous_15)","decl":{"start":{"line":125,"column":51},"end":{"line":125,"column":52}},"loc":{"start":{"line":125,"column":62},"end":{"line":127,"column":13}}},"16":{"name":"(anonymous_16)","decl":{"start":{"line":128,"column":53},"end":{"line":128,"column":54}},"loc":{"start":{"line":128,"column":72},"end":{"line":135,"column":13}}},"17":{"name":"(anonymous_17)","decl":{"start":{"line":132,"column":24},"end":{"line":132,"column":25}},"loc":{"start":{"line":132,"column":34},"end":{"line":132,"column":null}}},"18":{"name":"(anonymous_18)","decl":{"start":{"line":136,"column":52},"end":{"line":136,"column":53}},"loc":{"start":{"line":136,"column":63},"end":{"line":138,"column":13}}},"19":{"name":"(anonymous_19)","decl":{"start":{"line":139,"column":54},"end":{"line":139,"column":55}},"loc":{"start":{"line":139,"column":65},"end":{"line":141,"column":13}}},"20":{"name":"(anonymous_20)","decl":{"start":{"line":142,"column":56},"end":{"line":142,"column":57}},"loc":{"start":{"line":142,"column":75},"end":{"line":149,"column":13}}},"21":{"name":"(anonymous_21)","decl":{"start":{"line":146,"column":24},"end":{"line":146,"column":25}},"loc":{"start":{"line":146,"column":37},"end":{"line":146,"column":null}}},"22":{"name":"(anonymous_22)","decl":{"start":{"line":150,"column":55},"end":{"line":150,"column":56}},"loc":{"start":{"line":150,"column":66},"end":{"line":152,"column":13}}},"23":{"name":"(anonymous_23)","decl":{"start":{"line":165,"column":4},"end":{"line":165,"column":11}},"loc":{"start":{"line":165,"column":71},"end":{"line":169,"column":null}}},"24":{"name":"(anonymous_24)","decl":{"start":{"line":178,"column":4},"end":{"line":178,"column":11}},"loc":{"start":{"line":178,"column":17},"end":{"line":183,"column":null}}},"25":{"name":"(anonymous_25)","decl":{"start":{"line":193,"column":4},"end":{"line":193,"column":11}},"loc":{"start":{"line":193,"column":42},"end":{"line":197,"column":null}}},"26":{"name":"(anonymous_26)","decl":{"start":{"line":209,"column":4},"end":{"line":209,"column":11}},"loc":{"start":{"line":209,"column":68},"end":{"line":214,"column":null}}},"27":{"name":"(anonymous_27)","decl":{"start":{"line":224,"column":4},"end":{"line":224,"column":11}},"loc":{"start":{"line":224,"column":30},"end":{"line":228,"column":null}}},"28":{"name":"(anonymous_28)","decl":{"start":{"line":238,"column":4},"end":{"line":238,"column":11}},"loc":{"start":{"line":238,"column":33},"end":{"line":242,"column":null}}}},"branchMap":{"0":{"loc":{"start":{"line":77,"column":16},"end":{"line":81,"column":null}},"type":"if","locations":[{"start":{"line":77,"column":16},"end":{"line":81,"column":null}},{"start":{},"end":{}}]},"1":{"loc":{"start":{"line":78,"column":20},"end":{"line":78,"column":null}},"type":"if","locations":[{"start":{"line":78,"column":20},"end":{"line":78,"column":null}},{"start":{},"end":{}}]},"2":{"loc":{"start":{"line":113,"column":16},"end":{"line":120,"column":null}},"type":"if","locations":[{"start":{"line":113,"column":16},"end":{"line":120,"column":null}},{"start":{},"end":{}}]},"3":{"loc":{"start":{"line":117,"column":20},"end":{"line":119,"column":null}},"type":"if","locations":[{"start":{"line":117,"column":20},"end":{"line":119,"column":null}},{"start":{},"end":{}}]},"4":{"loc":{"start":{"line":130,"column":16},"end":{"line":134,"column":null}},"type":"if","locations":[{"start":{"line":130,"column":16},"end":{"line":134,"column":null}},{"start":{},"end":{}}]},"5":{"loc":{"start":{"line":144,"column":16},"end":{"line":148,"column":null}},"type":"if","locations":[{"start":{"line":144,"column":16},"end":{"line":148,"column":null}},{"start":{},"end":{}}]}},"s":{"0":8,"1":8,"2":0,"3":7,"4":1,"5":1,"6":1,"7":1,"8":1,"9":1,"10":1,"11":1,"12":1,"13":1,"14":1,"15":1,"16":1,"17":0,"18":0,"19":0,"20":0,"21":0,"22":1,"23":1,"24":1,"25":1,"26":1,"27":1,"28":1,"29":1,"30":1,"31":1,"32":1,"33":1,"34":2,"35":1,"36":1,"37":1,"38":1,"39":1,"40":2,"41":1,"42":8,"43":0,"44":0,"45":0,"46":8,"47":0,"48":0,"49":0,"50":0,"51":8,"52":0,"53":0,"54":0,"55":8,"56":0,"57":0,"58":0,"59":0,"60":8,"61":0,"62":0,"63":0,"64":8,"65":0,"66":0,"67":0},"f":{"0":0,"1":7,"2":1,"3":1,"4":1,"5":1,"6":1,"7":1,"8":0,"9":0,"10":0,"11":1,"12":1,"13":1,"14":1,"15":1,"16":1,"17":2,"18":1,"19":1,"20":1,"21":2,"22":1,"23":0,"24":0,"25":0,"26":0,"27":0,"28":0},"b":{"0":[1,0],"1":[1,0],"2":[1,0],"3":[1,0],"4":[1,0],"5":[1,0]}}
,"E:/Nizzcorp/AiFrontend/src/features/user/userSlice.ts": {"path":"E:/Nizzcorp/AiFrontend/src/features/user/userSlice.ts","statementMap":{"0":{"start":{"line":55,"column":35},"end":{"line":61,"column":null}},"1":{"start":{"line":66,"column":36},"end":{"line":78,"column":null}},"2":{"start":{"line":71,"column":24},"end":{"line":71,"column":null}},"3":{"start":{"line":72,"column":44},"end":{"line":72,"column":null}},"4":{"start":{"line":74,"column":4},"end":{"line":76,"column":null}},"5":{"start":{"line":75,"column":8},"end":{"line":75,"column":null}},"6":{"start":{"line":77,"column":4},"end":{"line":77,"column":null}},"7":{"start":{"line":83,"column":30},"end":{"line":95,"column":null}},"8":{"start":{"line":88,"column":24},"end":{"line":88,"column":null}},"9":{"start":{"line":89,"column":44},"end":{"line":89,"column":null}},"10":{"start":{"line":91,"column":4},"end":{"line":93,"column":null}},"11":{"start":{"line":92,"column":8},"end":{"line":92,"column":null}},"12":{"start":{"line":94,"column":4},"end":{"line":94,"column":null}},"13":{"start":{"line":100,"column":32},"end":{"line":112,"column":null}},"14":{"start":{"line":105,"column":24},"end":{"line":105,"column":null}},"15":{"start":{"line":106,"column":44},"end":{"line":106,"column":null}},"16":{"start":{"line":108,"column":4},"end":{"line":110,"column":null}},"17":{"start":{"line":109,"column":8},"end":{"line":109,"column":null}},"18":{"start":{"line":111,"column":4},"end":{"line":111,"column":null}},"19":{"start":{"line":121,"column":25},"end":{"line":186,"column":null}},"20":{"start":{"line":137,"column":12},"end":{"line":137,"column":null}},"21":{"start":{"line":145,"column":8},"end":{"line":184,"column":null}},"22":{"start":{"line":148,"column":16},"end":{"line":148,"column":null}},"23":{"start":{"line":149,"column":16},"end":{"line":149,"column":null}},"24":{"start":{"line":152,"column":16},"end":{"line":152,"column":null}},"25":{"start":{"line":153,"column":16},"end":{"line":153,"column":null}},"26":{"start":{"line":156,"column":16},"end":{"line":156,"column":null}},"27":{"start":{"line":157,"column":16},"end":{"line":157,"column":null}},"28":{"start":{"line":161,"column":16},"end":{"line":161,"column":null}},"29":{"start":{"line":162,"column":16},"end":{"line":162,"column":null}},"30":{"start":{"line":165,"column":16},"end":{"line":165,"column":null}},"31":{"start":{"line":166,"column":16},"end":{"line":166,"column":null}},"32":{"start":{"line":169,"column":16},"end":{"line":169,"column":null}},"33":{"start":{"line":170,"column":16},"end":{"line":170,"column":null}},"34":{"start":{"line":174,"column":16},"end":{"line":174,"column":null}},"35":{"start":{"line":175,"column":16},"end":{"line":175,"column":null}},"36":{"start":{"line":178,"column":16},"end":{"line":178,"column":null}},"37":{"start":{"line":179,"column":16},"end":{"line":179,"column":null}},"38":{"start":{"line":182,"column":16},"end":{"line":182,"column":null}},"39":{"start":{"line":183,"column":16},"end":{"line":183,"column":null}},"40":{"start":{"line":188,"column":26},"end":{"line":188,"column":null}}},"fnMap":{"0":{"name":"(anonymous_0)","decl":{"start":{"line":70,"column":19},"end":{"line":70,"column":26}},"loc":{"start":{"line":70,"column":56},"end":{"line":78,"column":1}}},"1":{"name":"(anonymous_1)","decl":{"start":{"line":87,"column":16},"end":{"line":87,"column":23}},"loc":{"start":{"line":87,"column":53},"end":{"line":95,"column":1}}},"2":{"name":"(anonymous_2)","decl":{"start":{"line":104,"column":18},"end":{"line":104,"column":25}},"loc":{"start":{"line":104,"column":52},"end":{"line":112,"column":1}}},"3":{"name":"(anonymous_3)","decl":{"start":{"line":136,"column":16},"end":{"line":136,"column":17}},"loc":{"start":{"line":136,"column":27},"end":{"line":138,"column":null}}},"4":{"name":"(anonymous_4)","decl":{"start":{"line":144,"column":19},"end":{"line":144,"column":20}},"loc":{"start":{"line":144,"column":32},"end":{"line":185,"column":null}}},"5":{"name":"(anonymous_5)","decl":{"start":{"line":147,"column":51},"end":{"line":147,"column":52}},"loc":{"start":{"line":147,"column":62},"end":{"line":150,"column":13}}},"6":{"name":"(anonymous_6)","decl":{"start":{"line":151,"column":53},"end":{"line":151,"column":54}},"loc":{"start":{"line":151,"column":72},"end":{"line":154,"column":13}}},"7":{"name":"(anonymous_7)","decl":{"start":{"line":155,"column":52},"end":{"line":155,"column":53}},"loc":{"start":{"line":155,"column":71},"end":{"line":158,"column":13}}},"8":{"name":"(anonymous_8)","decl":{"start":{"line":160,"column":45},"end":{"line":160,"column":46}},"loc":{"start":{"line":160,"column":56},"end":{"line":163,"column":13}}},"9":{"name":"(anonymous_9)","decl":{"start":{"line":164,"column":47},"end":{"line":164,"column":48}},"loc":{"start":{"line":164,"column":66},"end":{"line":167,"column":13}}},"10":{"name":"(anonymous_10)","decl":{"start":{"line":168,"column":46},"end":{"line":168,"column":47}},"loc":{"start":{"line":168,"column":65},"end":{"line":171,"column":13}}},"11":{"name":"(anonymous_11)","decl":{"start":{"line":173,"column":47},"end":{"line":173,"column":48}},"loc":{"start":{"line":173,"column":58},"end":{"line":176,"column":13}}},"12":{"name":"(anonymous_12)","decl":{"start":{"line":177,"column":49},"end":{"line":177,"column":50}},"loc":{"start":{"line":177,"column":68},"end":{"line":180,"column":13}}},"13":{"name":"(anonymous_13)","decl":{"start":{"line":181,"column":48},"end":{"line":181,"column":49}},"loc":{"start":{"line":181,"column":67},"end":{"line":184,"column":13}}}},"branchMap":{"0":{"loc":{"start":{"line":74,"column":4},"end":{"line":76,"column":null}},"type":"if","locations":[{"start":{"line":74,"column":4},"end":{"line":76,"column":null}},{"start":{},"end":{}}]},"1":{"loc":{"start":{"line":91,"column":4},"end":{"line":93,"column":null}},"type":"if","locations":[{"start":{"line":91,"column":4},"end":{"line":93,"column":null}},{"start":{},"end":{}}]},"2":{"loc":{"start":{"line":108,"column":4},"end":{"line":110,"column":null}},"type":"if","locations":[{"start":{"line":108,"column":4},"end":{"line":110,"column":null}},{"start":{},"end":{}}]},"3":{"loc":{"start":{"line":157,"column":30},"end":{"line":157,"column":null}},"type":"binary-expr","locations":[{"start":{"line":157,"column":30},"end":{"line":157,"column":48}},{"start":{"line":157,"column":48},"end":{"line":157,"column":null}}]},"4":{"loc":{"start":{"line":170,"column":30},"end":{"line":170,"column":null}},"type":"binary-expr","locations":[{"start":{"line":170,"column":30},"end":{"line":170,"column":48}},{"start":{"line":170,"column":48},"end":{"line":170,"column":null}}]},"5":{"loc":{"start":{"line":183,"column":30},"end":{"line":183,"column":null}},"type":"binary-expr","locations":[{"start":{"line":183,"column":30},"end":{"line":183,"column":48}},{"start":{"line":183,"column":48},"end":{"line":183,"column":null}}]}},"s":{"0":8,"1":8,"2":0,"3":0,"4":0,"5":0,"6":0,"7":8,"8":0,"9":0,"10":0,"11":0,"12":0,"13":8,"14":0,"15":0,"16":0,"17":0,"18":0,"19":8,"20":0,"21":7,"22":1,"23":1,"24":1,"25":1,"26":1,"27":1,"28":1,"29":1,"30":1,"31":1,"32":1,"33":1,"34":1,"35":1,"36":1,"37":1,"38":1,"39":1,"40":8},"f":{"0":0,"1":0,"2":0,"3":0,"4":7,"5":1,"6":1,"7":1,"8":1,"9":1,"10":1,"11":1,"12":1,"13":1},"b":{"0":[0,0],"1":[0,0],"2":[0,0],"3":[1,0],"4":[1,0],"5":[1,0]}}
,"E:/Nizzcorp/AiFrontend/src/hooks/chatHook.ts": {"path":"E:/Nizzcorp/AiFrontend/src/hooks/chatHook.ts","statementMap":{"0":{"start":{"line":27,"column":30},"end":{"line":35,"column":null}},"1":{"start":{"line":28,"column":44},"end":{"line":30,"column":null}},"2":{"start":{"line":29,"column":30},"end":{"line":29,"column":null}},"3":{"start":{"line":31,"column":21},"end":{"line":31,"column":null}},"4":{"start":{"line":32,"column":24},"end":{"line":33,"column":null}},"5":{"start":{"line":33,"column":8},"end":{"line":33,"column":null}},"6":{"start":{"line":34,"column":4},"end":{"line":34,"column":null}},"7":{"start":{"line":41,"column":27},"end":{"line":49,"column":null}},"8":{"start":{"line":42,"column":39},"end":{"line":44,"column":null}},"9":{"start":{"line":43,"column":30},"end":{"line":43,"column":null}},"10":{"start":{"line":45,"column":21},"end":{"line":45,"column":null}},"11":{"start":{"line":46,"column":21},"end":{"line":47,"column":null}},"12":{"start":{"line":47,"column":8},"end":{"line":47,"column":null}},"13":{"start":{"line":48,"column":4},"end":{"line":48,"column":null}},"14":{"start":{"line":55,"column":27},"end":{"line":63,"column":null}},"15":{"start":{"line":56,"column":37},"end":{"line":58,"column":null}},"16":{"start":{"line":57,"column":30},"end":{"line":57,"column":null}},"17":{"start":{"line":59,"column":21},"end":{"line":59,"column":null}},"18":{"start":{"line":61,"column":21},"end":{"line":61,"column":null}},"19":{"start":{"line":61,"column":27},"end":{"line":61,"column":null}},"20":{"start":{"line":62,"column":4},"end":{"line":62,"column":null}},"21":{"start":{"line":68,"column":32},"end":{"line":76,"column":null}},"22":{"start":{"line":69,"column":45},"end":{"line":71,"column":null}},"23":{"start":{"line":70,"column":30},"end":{"line":70,"column":null}},"24":{"start":{"line":72,"column":21},"end":{"line":72,"column":null}},"25":{"start":{"line":73,"column":26},"end":{"line":74,"column":null}},"26":{"start":{"line":74,"column":8},"end":{"line":74,"column":null}},"27":{"start":{"line":75,"column":4},"end":{"line":75,"column":null}},"28":{"start":{"line":81,"column":29},"end":{"line":90,"column":null}},"29":{"start":{"line":82,"column":42},"end":{"line":84,"column":null}},"30":{"start":{"line":83,"column":30},"end":{"line":83,"column":null}},"31":{"start":{"line":85,"column":21},"end":{"line":85,"column":null}},"32":{"start":{"line":86,"column":23},"end":{"line":87,"column":null}},"33":{"start":{"line":87,"column":8},"end":{"line":87,"column":null}},"34":{"start":{"line":89,"column":4},"end":{"line":89,"column":null}},"35":{"start":{"line":95,"column":29},"end":{"line":106,"column":null}},"36":{"start":{"line":96,"column":43},"end":{"line":98,"column":null}},"37":{"start":{"line":97,"column":30},"end":{"line":97,"column":null}},"38":{"start":{"line":99,"column":21},"end":{"line":99,"column":null}},"39":{"start":{"line":100,"column":26},"end":{"line":102,"column":null}},"40":{"start":{"line":101,"column":8},"end":{"line":101,"column":null}},"41":{"start":{"line":103,"column":24},"end":{"line":104,"column":null}},"42":{"start":{"line":104,"column":8},"end":{"line":104,"column":null}},"43":{"start":{"line":105,"column":4},"end":{"line":105,"column":null}}},"fnMap":{"0":{"name":"(anonymous_0)","decl":{"start":{"line":27,"column":30},"end":{"line":27,"column":36}},"loc":{"start":{"line":27,"column":36},"end":{"line":35,"column":null}}},"1":{"name":"(anonymous_1)","decl":{"start":{"line":29,"column":8},"end":{"line":29,"column":9}},"loc":{"start":{"line":29,"column":30},"end":{"line":29,"column":null}}},"2":{"name":"(anonymous_2)","decl":{"start":{"line":32,"column":24},"end":{"line":32,"column":25}},"loc":{"start":{"line":33,"column":8},"end":{"line":33,"column":null}}},"3":{"name":"(anonymous_3)","decl":{"start":{"line":41,"column":27},"end":{"line":41,"column":33}},"loc":{"start":{"line":41,"column":33},"end":{"line":49,"column":null}}},"4":{"name":"(anonymous_4)","decl":{"start":{"line":43,"column":8},"end":{"line":43,"column":9}},"loc":{"start":{"line":43,"column":30},"end":{"line":43,"column":null}}},"5":{"name":"(anonymous_5)","decl":{"start":{"line":46,"column":21},"end":{"line":46,"column":22}},"loc":{"start":{"line":47,"column":8},"end":{"line":47,"column":null}}},"6":{"name":"(anonymous_6)","decl":{"start":{"line":55,"column":27},"end":{"line":55,"column":33}},"loc":{"start":{"line":55,"column":33},"end":{"line":63,"column":null}}},"7":{"name":"(anonymous_7)","decl":{"start":{"line":57,"column":8},"end":{"line":57,"column":9}},"loc":{"start":{"line":57,"column":30},"end":{"line":57,"column":null}}},"8":{"name":"(anonymous_8)","decl":{"start":{"line":61,"column":21},"end":{"line":61,"column":27}},"loc":{"start":{"line":61,"column":27},"end":{"line":61,"column":null}}},"9":{"name":"(anonymous_9)","decl":{"start":{"line":68,"column":32},"end":{"line":68,"column":38}},"loc":{"start":{"line":68,"column":38},"end":{"line":76,"column":null}}},"10":{"name":"(anonymous_10)","decl":{"start":{"line":70,"column":8},"end":{"line":70,"column":9}},"loc":{"start":{"line":70,"column":30},"end":{"line":70,"column":null}}},"11":{"name":"(anonymous_11)","decl":{"start":{"line":73,"column":26},"end":{"line":73,"column":27}},"loc":{"start":{"line":74,"column":8},"end":{"line":74,"column":null}}},"12":{"name":"(anonymous_12)","decl":{"start":{"line":81,"column":29},"end":{"line":81,"column":35}},"loc":{"start":{"line":81,"column":35},"end":{"line":90,"column":null}}},"13":{"name":"(anonymous_13)","decl":{"start":{"line":83,"column":8},"end":{"line":83,"column":9}},"loc":{"start":{"line":83,"column":30},"end":{"line":83,"column":null}}},"14":{"name":"(anonymous_14)","decl":{"start":{"line":86,"column":23},"end":{"line":86,"column":24}},"loc":{"start":{"line":87,"column":8},"end":{"line":87,"column":null}}},"15":{"name":"(anonymous_15)","decl":{"start":{"line":95,"column":29},"end":{"line":95,"column":35}},"loc":{"start":{"line":95,"column":35},"end":{"line":106,"column":null}}},"16":{"name":"(anonymous_16)","decl":{"start":{"line":97,"column":8},"end":{"line":97,"column":9}},"loc":{"start":{"line":97,"column":30},"end":{"line":97,"column":null}}},"17":{"name":"(anonymous_17)","decl":{"start":{"line":100,"column":26},"end":{"line":100,"column":32}},"loc":{"start":{"line":100,"column":32},"end":{"line":102,"column":null}}},"18":{"name":"(anonymous_18)","decl":{"start":{"line":103,"column":24},"end":{"line":103,"column":25}},"loc":{"start":{"line":104,"column":8},"end":{"line":104,"column":null}}}},"branchMap":{},"s":{"0":2,"1":1,"2":1,"3":1,"4":1,"5":1,"6":1,"7":2,"8":1,"9":1,"10":1,"11":1,"12":1,"13":1,"14":2,"15":1,"16":1,"17":1,"18":1,"19":1,"20":1,"21":2,"22":1,"23":1,"24":1,"25":1,"26":1,"27":1,"28":2,"29":1,"30":1,"31":1,"32":1,"33":1,"34":1,"35":2,"36":1,"37":1,"38":1,"39":1,"40":0,"41":1,"42":1,"43":1},"f":{"0":1,"1":1,"2":1,"3":1,"4":1,"5":1,"6":1,"7":1,"8":1,"9":1,"10":1,"11":1,"12":1,"13":1,"14":1,"15":1,"16":1,"17":0,"18":1},"b":{}}
[...]
,"E:/Nizzcorp/AiFrontend/src/lib/utils.ts": {"path":"E:/Nizzcorp/AiFrontend/src/lib/utils.ts","statementMap":{"0":{"start":{"line":5,"column":2},"end":{"line":5,"column":null}}},"fnMap":{"0":{"name":"cn","decl":{"start":{"line":4,"column":16},"end":{"line":4,"column":22}},"loc":{"start":{"line":4,"column":44},"end":{"line":6,"column":null}}}},"branchMap":{},"s":{"0":11},"f":{"0":11},"b":{}}
,"E:/Nizzcorp/AiFrontend/src/pages/ChatScreenPage.tsx": {"path":"E:/Nizzcorp/AiFrontend/src/pages/ChatScreenPage.tsx","statementMap":{"0":{"start":{"line":6,"column":30},"end":{"line":36,"column":null}},"1":{"start":{"line":7,"column":22},"end":{"line":7,"column":null}},"2":{"start":{"line":8,"column":19},"end":{"line":8,"column":null}},"3":{"start":{"line":9,"column":32},"end":{"line":9,"column":null}},"4":{"start":{"line":10,"column":26},"end":{"line":12,"column":null}},"5":{"start":{"line":11,"column":8},"end":{"line":11,"column":null}},"6":{"start":{"line":11,"column":28},"end":{"line":11,"column":33}},"7":{"start":{"line":13,"column":4},"end":{"line":34,"column":null}}},"fnMap":{"0":{"name":"(anonymous_0)","decl":{"start":{"line":6,"column":30},"end":{"line":6,"column":36}},"loc":{"start":{"line":6,"column":36},"end":{"line":36,"column":null}}},"1":{"name":"(anonymous_1)","decl":{"start":{"line":10,"column":26},"end":{"line":10,"column":32}},"loc":{"start":{"line":10,"column":32},"end":{"line":12,"column":null}}},"2":{"name":"(anonymous_2)","decl":{"start":{"line":11,"column":18},"end":{"line":11,"column":19}},"loc":{"start":{"line":11,"column":28},"end":{"line":11,"column":33}}}},"branchMap":{"0":{"loc":{"start":{"line":8,"column":19},"end":{"line":8,"column":null}},"type":"cond-expr","locations":[{"start":{"line":8,"column":38},"end":{"line":8,"column":46}},{"start":{"line":8,"column":46},"end":{"line":8,"column":null}}]},"1":{"loc":{"start":{"line":16,"column":16},"end":{"line":16,"column":null}},"type":"cond-expr","locations":[{"start":{"line":16,"column":25},"end":{"line":16,"column":54}},{"start":{"line":16,"column":54},"end":{"line":16,"column":null}}]},"2":{"loc":{"start":{"line":28,"column":30},"end":{"line":28,"column":74}},"type":"cond-expr","locations":[{"start":{"line":28,"column":39},"end":{"line":28,"column":64}},{"start":{"line":28,"column":64},"end":{"line":28,"column":74}}]},"3":{"loc":{"start":{"line":29,"column":18},"end":{"line":29,"column":39}},"type":"cond-expr","locations":[{"start":{"line":29,"column":28},"end":{"line":29,"column":33}},{"start":{"line":29,"column":33},"end":{"line":29,"column":39}}]}},"s":{"0":0,"1":0,"2":0,"3":0,"4":0,"5":0,"6":0,"7":0},"f":{"0":0,"1":0,"2":0},"b":{"0":[0,0],"1":[0,0],"2":[0,0],"3":[0,0]}}
,"E:/Nizzcorp/AiFrontend/src/pages/LandingPage.tsx": {"path":"E:/Nizzcorp/AiFrontend/src/pages/LandingPage.tsx","statementMap":{"0":{"start":{"line":11,"column":27},"end":{"line":198,"column":null}},"1":{"start":{"line":12,"column":19},"end":{"line":12,"column":null}},"2":{"start":{"line":18,"column":25},"end":{"line":42,"column":null}},"3":{"start":{"line":43,"column":2},"end":{"line":196,"column":null}},"4":{"start":{"line":77,"column":33},"end":{"line":77,"column":null}},"5":{"start":{"line":110,"column":14},"end":{"line":124,"column":null}}},"fnMap":{"0":{"name":"(anonymous_0)","decl":{"start":{"line":11,"column":27},"end":{"line":11,"column":33}},"loc":{"start":{"line":11,"column":33},"end":{"line":198,"column":null}}},"1":{"name":"(anonymous_1)","decl":{"start":{"line":77,"column":27},"end":{"line":77,"column":33}},"loc":{"start":{"line":77,"column":33},"end":{"line":77,"column":null}}},"2":{"name":"(anonymous_2)","decl":{"start":{"line":109,"column":23},"end":{"line":109,"column":24}},"loc":{"start":{"line":110,"column":14},"end":{"line":124,"column":null}}}},"branchMap":{},"s":{"0":1,"1":2,"2":2,"3":2,"4":1,"5":8},"f":{"0":2,"1":1,"2":8},"b":{}}
,"E:/Nizzcorp/AiFrontend/src/redux/store.ts": {"path":"E:/Nizzcorp/AiFrontend/src/redux/store.ts","statementMap":{"0":{"start":{"line":20,"column":21},"end":{"line":27,"column":null}},"1":{"start":{"line":26,"column":8},"end":{"line":26,"column":null}}},"fnMap":{"0":{"name":"(anonymous_0)","decl":{"start":{"line":25,"column":16},"end":{"line":25,"column":17}},"loc":{"start":{"line":26,"column":8},"end":{"line":26,"column":null}}}},"branchMap":{},"s":{"0":6,"1":6},"f":{"0":6},"b":{}}
,"E:/Nizzcorp/AiFrontend/src/services/chatService.ts": {"path":"E:/Nizzcorp/AiFrontend/src/services/chatService.ts","statementMap":{"0":{"start":{"line":25,"column":0},"end":{"line":25,"column":null}},"1":{"start":{"line":109,"column":26},"end":{"line":109,"column":null}},"2":{"start":{"line":113,"column":8},"end":{"line":115,"column":null}},"3":{"start":{"line":114,"column":12},"end":{"line":114,"column":null}},"4":{"start":{"line":117,"column":8},"end":{"line":117,"column":null}},"5":{"start":{"line":126,"column":26},"end":{"line":128,"column":null}},"6":{"start":{"line":130,"column":8},"end":{"line":132,"column":null}},"7":{"start":{"line":131,"column":12},"end":{"line":131,"column":null}},"8":{"start":{"line":133,"column":8},"end":{"line":133,"column":null}},"9":{"start":{"line":143,"column":26},"end":{"line":146,"column":null}},"10":{"start":{"line":148,"column":8},"end":{"line":150,"column":null}},"11":{"start":{"line":149,"column":12},"end":{"line":149,"column":null}},"12":{"start":{"line":151,"column":8},"end":{"line":151,"column":null}},"13":{"start":{"line":161,"column":26},"end":{"line":164,"column":null}},"14":{"start":{"line":166,"column":8},"end":{"line":168,"column":null}},"15":{"start":{"line":167,"column":12},"end":{"line":167,"column":null}},"16":{"start":{"line":169,"column":8},"end":{"line":169,"column":null}},"17":{"start":{"line":178,"column":26},"end":{"line":180,"column":null}},"18":{"start":{"line":181,"column":8},"end":{"line":183,"column":null}},"19":{"start":{"line":182,"column":12},"end":{"line":182,"column":null}},"20":{"start":{"line":184,"column":8},"end":{"line":184,"column":null}},"21":{"start":{"line":193,"column":26},"end":{"line":193,"column":null}},"22":{"start":{"line":197,"column":8},"end":{"line":199,"column":null}},"23":{"start":{"line":198,"column":12},"end":{"line":198,"column":null}},"24":{"start":{"line":201,"column":31},"end":{"line":201,"column":null}},"25":{"start":{"line":202,"column":8},"end":{"line":202,"column":null}}},"fnMap":{"0":{"name":"(anonymous_0)","decl":{"start":{"line":108,"column":4},"end":{"line":108,"column":10}},"loc":{"start":{"line":108,"column":25},"end":{"line":118,"column":null}}},"1":{"name":"(anonymous_1)","decl":{"start":{"line":125,"column":4},"end":{"line":125,"column":10}},"loc":{"start":{"line":125,"column":37},"end":{"line":134,"column":null}}},"2":{"name":"(anonymous_2)","decl":{"start":{"line":142,"column":4},"end":{"line":142,"column":10}},"loc":{"start":{"line":142,"column":59},"end":{"line":152,"column":null}}},"3":{"name":"(anonymous_3)","decl":{"start":{"line":160,"column":4},"end":{"line":160,"column":10}},"loc":{"start":{"line":160,"column":66},"end":{"line":170,"column":null}}},"4":{"name":"(anonymous_4)","decl":{"start":{"line":177,"column":4},"end":{"line":177,"column":10}},"loc":{"start":{"line":177,"column":40},"end":{"line":185,"column":null}}},"5":{"name":"(anonymous_5)","decl":{"start":{"line":192,"column":4},"end":{"line":192,"column":10}},"loc":{"start":{"line":192,"column":39},"end":{"line":203,"column":null}}}},"branchMap":{"0":{"loc":{"start":{"line":113,"column":8},"end":{"line":115,"column":null}},"type":"if","locations":[{"start":{"line":113,"column":8},"end":{"line":115,"column":null}},{"start":{},"end":{}}]},"1":{"loc":{"start":{"line":113,"column":12},"end":{"line":113,"column":65}},"type":"binary-expr","locations":[{"start":{"line":113,"column":12},"end":{"line":113,"column":36}},{"start":{"line":113,"column":36},"end":{"line":113,"column":65}}]},"2":{"loc":{"start":{"line":130,"column":8},"end":{"line":132,"column":null}},"type":"if","locations":[{"start":{"line":130,"column":8},"end":{"line":132,"column":null}},{"start":{},"end":{}}]},"3":{"loc":{"start":{"line":130,"column":12},"end":{"line":130,"column":65}},"type":"binary-expr","locations":[{"start":{"line":130,"column":12},"end":{"line":130,"column":36}},{"start":{"line":130,"column":36},"end":{"line":130,"column":65}}]},"4":{"loc":{"start":{"line":148,"column":8},"end":{"line":150,"column":null}},"type":"if","locations":[{"start":{"line":148,"column":8},"end":{"line":150,"column":null}},{"start":{},"end":{}}]},"5":{"loc":{"start":{"line":148,"column":12},"end":{"line":148,"column":65}},"type":"binary-expr","locations":[{"start":{"line":148,"column":12},"end":{"line":148,"column":36}},{"start":{"line":148,"column":36},"end":{"line":148,"column":65}}]},"6":{"loc":{"start":{"line":166,"column":8},"end":{"line":168,"column":null}},"type":"if","locations":[{"start":{"line":166,"column":8},"end":{"line":168,"column":null}},{"start":{},"end":{}}]},"7":{"loc":{"start":{"line":166,"column":12},"end":{"line":166,"column":65}},"type":"binary-expr","locations":[{"start":{"line":166,"column":12},"end":{"line":166,"column":36}},{"start":{"line":166,"column":36},"end":{"line":166,"column":65}}]},"8":{"loc":{"start":{"line":181,"column":8},"end":{"line":183,"column":null}},"type":"if","locations":[{"start":{"line":181,"column":8},"end":{"line":183,"column":null}},{"start":{},"end":{}}]},"9":{"loc":{"start":{"line":181,"column":12},"end":{"line":181,"column":65}},"type":"binary-expr","locations":[{"start":{"line":181,"column":12},"end":{"line":181,"column":36}},{"start":{"line":181,"column":36},"end":{"line":181,"column":65}}]},"10":{"loc":{"start":{"line":197,"column":8},"end":{"line":199,"column":null}},"type":"if","locations":[{"start":{"line":197,"column":8},"end":{"line":199,"column":null}},{"start":{},"end":{}}]},"11":{"loc":{"start":{"line":197,"column":12},"end":{"line":197,"column":65}},"type":"binary-expr","locations":[{"start":{"line":197,"column":12},"end":{"line":197,"column":36}},{"start":{"line":197,"column":36},"end":{"line":197,"column":65}}]}},"s":{"0":9,"1":2,"2":2,"3":1,"4":1,"5":2,"6":2,"7":1,"8":1,"9":2,"10":2,"11":1,"12":1,"13":3,"14":3,"15":1,"16":2,"17":2,"18":2,"19":1,"20":1,"21":2,"22":2,"23":1,"24":1,"25":1},"f":{"0":2,"1":2,"2":2,"3":3,"4":2,"5":2},"b":{"0":[1,1],"1":[2,2],"2":[1,1],"3":[2,2],"4":[1,1],"5":[2,2],"6":[1,2],"7":[3,3],"8":[1,1],"9":[2,2],"10":[1,1],"11":[2,2]}}
,"E:/Nizzcorp/AiFrontend/src/services/userService.ts": {"path":"E:/Nizzcorp/AiFrontend/src/services/userService.ts","statementMap":{"0":{"start":{"line":22,"column":0},"end":{"line":22,"column":null}},"1":{"start":{"line":81,"column":25},"end":{"line":84,"column":null}},"2":{"start":{"line":86,"column":8},"end":{"line":90,"column":null}},"3":{"start":{"line":87,"column":12},"end":{"line":89,"column":null}},"4":{"start":{"line":91,"column":8},"end":{"line":91,"column":null}},"5":{"start":{"line":92,"column":8},"end":{"line":97,"column":null}},"6":{"start":{"line":109,"column":25},"end":{"line":112,"column":null}},"7":{"start":{"line":113,"column":8},"end":{"line":113,"column":null}},"8":{"start":{"line":114,"column":8},"end":{"line":118,"column":null}},"9":{"start":{"line":115,"column":12},"end":{"line":117,"column":null}},"10":{"start":{"line":120,"column":8},"end":{"line":125,"column":null}},"11":{"start":{"line":133,"column":25},"end":{"line":133,"column":null}},"12":{"start":{"line":134,"column":8},"end":{"line":134,"column":null}},"13":{"start":{"line":136,"column":8},"end":{"line":140,"column":null}},"14":{"start":{"line":137,"column":12},"end":{"line":139,"column":null}},"15":{"start":{"line":141,"column":8},"end":{"line":146,"column":null}},"16":{"start":{"line":154,"column":8},"end":{"line":154,"column":null}}},"fnMap":{"0":{"name":"(anonymous_0)","decl":{"start":{"line":76,"column":4},"end":{"line":76,"column":10}},"loc":{"start":{"line":80,"column":39},"end":{"line":98,"column":null}}},"1":{"name":"(anonymous_1)","decl":{"start":{"line":105,"column":4},"end":{"line":105,"column":10}},"loc":{"start":{"line":108,"column":39},"end":{"line":126,"column":null}}},"2":{"name":"(anonymous_2)","decl":{"start":{"line":132,"column":4},"end":{"line":132,"column":10}},"loc":{"start":{"line":132,"column":52},"end":{"line":147,"column":null}}},"3":{"name":"(anonymous_3)","decl":{"start":{"line":153,"column":4},"end":{"line":153,"column":13}},"loc":{"start":{"line":153,"column":13},"end":{"line":155,"column":null}}}},"branchMap":{"0":{"loc":{"start":{"line":86,"column":8},"end":{"line":90,"column":null}},"type":"if","locations":[{"start":{"line":86,"column":8},"end":{"line":90,"column":null}},{"start":{},"end":{}}]},"1":{"loc":{"start":{"line":114,"column":8},"end":{"line":118,"column":null}},"type":"if","locations":[{"start":{"line":114,"column":8},"end":{"line":118,"column":null}},{"start":{},"end":{}}]},"2":{"loc":{"start":{"line":136,"column":8},"end":{"line":140,"column":null}},"type":"if","locations":[{"start":{"line":136,"column":8},"end":{"line":140,"column":null}},{"start":{},"end":{}}]}},"s":{"0":7,"1":2,"2":2,"3":1,"4":1,"5":1,"6":2,"7":2,"8":2,"9":1,"10":1,"11":2,"12":2,"13":2,"14":1,"15":1,"16":1},"f":{"0":2,"1":2,"2":2,"3":1},"b":{"0":[1,1],"1":[1,1],"2":[1,1]}}
,"E:/Nizzcorp/AiFrontend/src/utils/axios.ts": {"path":"E:/Nizzcorp/AiFrontend/src/utils/axios.ts","statementMap":{"0":{"start":{"line":17,"column":40},"end":{"line":20,"column":null}},"1":{"start":{"line":23,"column":8},"end":{"line":39,"column":null}},"2":{"start":{"line":24,"column":26},"end":{"line":24,"column":null}},"3":{"start":{"line":26,"column":16},"end":{"line":35,"column":null}},"4":{"start":{"line":27,"column":20},"end":{"line":27,"column":null}},"5":{"start":{"line":28,"column":20},"end":{"line":32,"column":null}},"6":{"start":{"line":34,"column":20},"end":{"line":34,"column":null}},"7":{"start":{"line":37,"column":16},"end":{"line":37,"column":null}},"8":{"start":{"line":48,"column":25},"end":{"line":48,"column":null}},"9":{"start":{"line":49,"column":8},"end":{"line":49,"column":null}},"10":{"start":{"line":59,"column":25},"end":{"line":59,"column":null}},"11":{"start":{"line":60,"column":8},"end":{"line":60,"column":null}},"12":{"start":{"line":70,"column":25},"end":{"line":70,"column":null}},"13":{"start":{"line":71,"column":8},"end":{"line":71,"column":null}},"14":{"start":{"line":80,"column":25},"end":{"line":80,"column":null}},"15":{"start":{"line":81,"column":8},"end":{"line":81,"column":null}}},"fnMap":{"0":{"name":"(anonymous_0)","decl":{"start":{"line":22,"column":4},"end":{"line":22,"column":18}},"loc":{"start":{"line":22,"column":43},"end":{"line":40,"column":null}}},"1":{"name":"(anonymous_1)","decl":{"start":{"line":24,"column":12},"end":{"line":24,"column":13}},"loc":{"start":{"line":24,"column":26},"end":{"line":24,"column":null}}},"2":{"name":"(anonymous_2)","decl":{"start":{"line":25,"column":12},"end":{"line":25,"column":13}},"loc":{"start":{"line":25,"column":23},"end":{"line":38,"column":null}}},"3":{"name":"(anonymous_3)","decl":{"start":{"line":47,"column":4},"end":{"line":47,"column":17}},"loc":{"start":{"line":47,"column":54},"end":{"line":50,"column":null}}},"4":{"name":"(anonymous_4)","decl":{"start":{"line":58,"column":4},"end":{"line":58,"column":17}},"loc":{"start":{"line":58,"column":65},"end":{"line":61,"column":null}}},"5":{"name":"(anonymous_5)","decl":{"start":{"line":69,"column":4},"end":{"line":69,"column":17}},"loc":{"start":{"line":69,"column":64},"end":{"line":72,"column":null}}},"6":{"name":"(anonymous_6)","decl":{"start":{"line":79,"column":4},"end":{"line":79,"column":17}},"loc":{"start":{"line":79,"column":57},"end":{"line":82,"column":null}}}},"branchMap":{"0":{"loc":{"start":{"line":26,"column":16},"end":{"line":35,"column":null}},"type":"if","locations":[{"start":{"line":26,"column":16},"end":{"line":35,"column":null}},{"start":{"line":33,"column":23},"end":{"line":35,"column":null}}]}},"s":{"0":13,"1":14,"2":0,"3":0,"4":0,"5":0,"6":0,"7":0,"8":1,"9":1,"10":1,"11":1,"12":1,"13":1,"14":1,"15":1},"f":{"0":14,"1":0,"2":0,"3":1,"4":1,"5":1,"6":1},"b":{"0":[0,0]}}
,"E:/Nizzcorp/AiFrontend/src/utils/errorMiddleware.ts": {"path":"E:/Nizzcorp/AiFrontend/src/utils/errorMiddleware.ts","statementMap":{"0":{"start":{"line":5,"column":43},"end":{"line":26,"column":null}},"1":{"start":{"line":5,"column":49},"end":{"line":26,"column":null}},"2":{"start":{"line":5,"column":59},"end":{"line":26,"column":null}},"3":{"start":{"line":6,"column":4},"end":{"line":23,"column":null}},"4":{"start":{"line":7,"column":8},"end":{"line":7,"column":null}},"5":{"start":{"line":9,"column":12},"end":{"line":10,"column":null}},"6":{"start":{"line":11,"column":8},"end":{"line":11,"column":null}},"7":{"start":{"line":13,"column":13},"end":{"line":14,"column":null}},"8":{"start":{"line":15,"column":8},"end":{"line":19,"column":null}},"9":{"start":{"line":16,"column":12},"end":{"line":18,"column":null}},"10":{"start":{"line":25,"column":4},"end":{"line":25,"column":null}}},"fnMap":{"0":{"name":"(anonymous_0)","decl":{"start":{"line":5,"column":43},"end":{"line":5,"column":49}},"loc":{"start":{"line":5,"column":49},"end":{"line":26,"column":null}}},"1":{"name":"(anonymous_1)","decl":{"start":{"line":5,"column":49},"end":{"line":5,"column":50}},"loc":{"start":{"line":5,"column":59},"end":{"line":26,"column":null}}},"2":{"name":"(anonymous_2)","decl":{"start":{"line":5,"column":59},"end":{"line":5,"column":60}},"loc":{"start":{"line":5,"column":71},"end":{"line":26,"column":null}}}},"branchMap":{"0":{"loc":{"start":{"line":6,"column":4},"end":{"line":23,"column":null}},"type":"if","locations":[{"start":{"line":6,"column":4},"end":{"line":23,"column":null}},{"start":{},"end":{}}]},"1":{"loc":{"start":{"line":9,"column":12},"end":{"line":10,"column":null}},"type":"binary-expr","locations":[{"start":{"line":9,"column":12},"end":{"line":9,"column":null}},{"start":{"line":10,"column":12},"end":{"line":10,"column":null}}]},"2":{"loc":{"start":{"line":13,"column":13},"end":{"line":14,"column":null}},"type":"binary-expr","locations":[{"start":{"line":13,"column":13},"end":{"line":13,"column":null}},{"start":{"line":14,"column":12},"end":{"line":14,"column":null}}]},"3":{"loc":{"start":{"line":15,"column":8},"end":{"line":19,"column":null}},"type":"if","locations":[{"start":{"line":15,"column":8},"end":{"line":19,"column":null}},{"start":{},"end":{}}]}},"s":{"0":7,"1":8,"2":8,"3":4,"4":2,"5":2,"6":2,"7":2,"8":2,"9":2,"10":4},"f":{"0":8,"1":8,"2":4},"b":{"0":[2,2],"1":[2,0],"2":[2,2],"3":[2,0]}}
}
